[2019-03-03T14:51:22.104] [WARN] http - ::1 - - "GET / HTTP/1.1" 304 - "http://localhost:8888/" "Mozilla/5.0 (Macintosh; Intel Mac OS X 10_14_0) AppleWebKit/537.36 (KHTML, like Gecko) Chrome/72.0.3626.119 Safari/537.36"
[2019-03-03T14:51:22.212] [WARN] http - ::1 - - "GET /inline.bundle.js HTTP/1.1" 304 - "http://localhost:8888/" "Mozilla/5.0 (Macintosh; Intel Mac OS X 10_14_0) AppleWebKit/537.36 (KHTML, like Gecko) Chrome/72.0.3626.119 Safari/537.36"
[2019-03-03T14:51:22.216] [WARN] http - ::1 - - "GET /styles.bundle.js HTTP/1.1" 304 - "http://localhost:8888/" "Mozilla/5.0 (Macintosh; Intel Mac OS X 10_14_0) AppleWebKit/537.36 (KHTML, like Gecko) Chrome/72.0.3626.119 Safari/537.36"
[2019-03-03T14:51:22.235] [INFO] http - ::1 - - "GET /polyfills.bundle.js HTTP/1.1" 200 217856 "http://localhost:8888/" "Mozilla/5.0 (Macintosh; Intel Mac OS X 10_14_0) AppleWebKit/537.36 (KHTML, like Gecko) Chrome/72.0.3626.119 Safari/537.36"
[2019-03-03T14:51:22.240] [INFO] http - ::1 - - "GET /main.bundle.js HTTP/1.1" 200 87894 "http://localhost:8888/" "Mozilla/5.0 (Macintosh; Intel Mac OS X 10_14_0) AppleWebKit/537.36 (KHTML, like Gecko) Chrome/72.0.3626.119 Safari/537.36"
[2019-03-03T14:51:22.375] [WARN] http - ::1 - - "GET /inline.bundle.js.map HTTP/1.1" 304 - "" "Mozilla/5.0 (Macintosh; Intel Mac OS X 10_14_0) AppleWebKit/537.36 (KHTML, like Gecko) Chrome/72.0.3626.119 Safari/537.36"
[2019-03-03T14:51:22.525] [INFO] http - ::1 - - "GET /polyfills.bundle.js.map HTTP/1.1" 200 255885 "" "Mozilla/5.0 (Macintosh; Intel Mac OS X 10_14_0) AppleWebKit/537.36 (KHTML, like Gecko) Chrome/72.0.3626.119 Safari/537.36"
[2019-03-03T14:51:22.538] [WARN] http - ::1 - - "GET /styles.bundle.js.map HTTP/1.1" 304 - "" "Mozilla/5.0 (Macintosh; Intel Mac OS X 10_14_0) AppleWebKit/537.36 (KHTML, like Gecko) Chrome/72.0.3626.119 Safari/537.36"
[2019-03-03T14:51:22.564] [INFO] http - ::1 - - "GET /vendor.bundle.js HTTP/1.1" 200 4221368 "http://localhost:8888/" "Mozilla/5.0 (Macintosh; Intel Mac OS X 10_14_0) AppleWebKit/537.36 (KHTML, like Gecko) Chrome/72.0.3626.119 Safari/537.36"
[2019-03-03T14:51:23.290] [INFO] http - ::1 - - "GET /vendor.bundle.js.map HTTP/1.1" 200 4923629 "" "Mozilla/5.0 (Macintosh; Intel Mac OS X 10_14_0) AppleWebKit/537.36 (KHTML, like Gecko) Chrome/72.0.3626.119 Safari/537.36"
[2019-03-03T14:51:23.753] [INFO] http - ::1 - - "GET /main.bundle.js.map HTTP/1.1" 200 97141 "" "Mozilla/5.0 (Macintosh; Intel Mac OS X 10_14_0) AppleWebKit/537.36 (KHTML, like Gecko) Chrome/72.0.3626.119 Safari/537.36"
[2019-03-03T14:51:23.765] [WARN] http - ::1 - - "GET /api/config HTTP/1.1" 304 - "http://localhost:8888/" "Mozilla/5.0 (Macintosh; Intel Mac OS X 10_14_0) AppleWebKit/537.36 (KHTML, like Gecko) Chrome/72.0.3626.119 Safari/537.36"
[2019-03-03T14:51:23.770] [WARN] http - ::1 - - "GET /getrouteconfigs/login HTTP/1.1" 304 - "http://localhost:8888/" "Mozilla/5.0 (Macintosh; Intel Mac OS X 10_14_0) AppleWebKit/537.36 (KHTML, like Gecko) Chrome/72.0.3626.119 Safari/537.36"
[2019-03-03T14:51:23.976] [INFO] http - ::1 - - "GET /india/cities HTTP/1.1" 200 230848 "http://localhost:8888/" "Mozilla/5.0 (Macintosh; Intel Mac OS X 10_14_0) AppleWebKit/537.36 (KHTML, like Gecko) Chrome/72.0.3626.119 Safari/537.36"
[2019-03-03T14:51:23.977] [WARN] http - ::1 - - "GET /assets/images/company-logo/logo.png HTTP/1.1" 304 - "http://localhost:8888/" "Mozilla/5.0 (Macintosh; Intel Mac OS X 10_14_0) AppleWebKit/537.36 (KHTML, like Gecko) Chrome/72.0.3626.119 Safari/537.36"
[2019-03-03T14:51:24.189] [WARN] http - ::1 - - "GET /assets/images/company-logo/logo.png HTTP/1.1" 304 - "http://localhost:8888/" "Mozilla/5.0 (Macintosh; Intel Mac OS X 10_14_0) AppleWebKit/537.36 (KHTML, like Gecko) Chrome/72.0.3626.119 Safari/537.36"
[2019-03-03T14:56:15.186] [INFO] http - ::1 - - "POST /register/v1 HTTP/1.1" 200 286 "http://localhost:8888/" "Mozilla/5.0 (Macintosh; Intel Mac OS X 10_14_0) AppleWebKit/537.36 (KHTML, like Gecko) Chrome/72.0.3626.119 Safari/537.36"
[2019-03-03T15:05:10.648] [WARN] http - ::1 - - "GET / HTTP/1.1" 304 - "http://localhost:8888/" "Mozilla/5.0 (Macintosh; Intel Mac OS X 10_14_0) AppleWebKit/537.36 (KHTML, like Gecko) Chrome/72.0.3626.119 Safari/537.36"
[2019-03-03T15:05:10.711] [WARN] http - ::1 - - "GET /inline.bundle.js HTTP/1.1" 304 - "http://localhost:8888/" "Mozilla/5.0 (Macintosh; Intel Mac OS X 10_14_0) AppleWebKit/537.36 (KHTML, like Gecko) Chrome/72.0.3626.119 Safari/537.36"
[2019-03-03T15:05:10.718] [WARN] http - ::1 - - "GET /polyfills.bundle.js HTTP/1.1" 304 - "http://localhost:8888/" "Mozilla/5.0 (Macintosh; Intel Mac OS X 10_14_0) AppleWebKit/537.36 (KHTML, like Gecko) Chrome/72.0.3626.119 Safari/537.36"
[2019-03-03T15:05:10.718] [WARN] http - ::1 - - "GET /styles.bundle.js HTTP/1.1" 304 - "http://localhost:8888/" "Mozilla/5.0 (Macintosh; Intel Mac OS X 10_14_0) AppleWebKit/537.36 (KHTML, like Gecko) Chrome/72.0.3626.119 Safari/537.36"
[2019-03-03T15:05:10.719] [WARN] http - ::1 - - "GET /vendor.bundle.js HTTP/1.1" 304 - "http://localhost:8888/" "Mozilla/5.0 (Macintosh; Intel Mac OS X 10_14_0) AppleWebKit/537.36 (KHTML, like Gecko) Chrome/72.0.3626.119 Safari/537.36"
[2019-03-03T15:05:10.720] [WARN] http - ::1 - - "GET /main.bundle.js HTTP/1.1" 304 - "http://localhost:8888/" "Mozilla/5.0 (Macintosh; Intel Mac OS X 10_14_0) AppleWebKit/537.36 (KHTML, like Gecko) Chrome/72.0.3626.119 Safari/537.36"
[2019-03-03T15:05:10.763] [WARN] http - ::1 - - "GET /inline.bundle.js.map HTTP/1.1" 304 - "" "Mozilla/5.0 (Macintosh; Intel Mac OS X 10_14_0) AppleWebKit/537.36 (KHTML, like Gecko) Chrome/72.0.3626.119 Safari/537.36"
[2019-03-03T15:05:10.849] [WARN] http - ::1 - - "GET /polyfills.bundle.js.map HTTP/1.1" 304 - "" "Mozilla/5.0 (Macintosh; Intel Mac OS X 10_14_0) AppleWebKit/537.36 (KHTML, like Gecko) Chrome/72.0.3626.119 Safari/537.36"
[2019-03-03T15:05:10.861] [WARN] http - ::1 - - "GET /styles.bundle.js.map HTTP/1.1" 304 - "" "Mozilla/5.0 (Macintosh; Intel Mac OS X 10_14_0) AppleWebKit/537.36 (KHTML, like Gecko) Chrome/72.0.3626.119 Safari/537.36"
[2019-03-03T15:05:11.036] [WARN] http - ::1 - - "GET /vendor.bundle.js.map HTTP/1.1" 304 - "" "Mozilla/5.0 (Macintosh; Intel Mac OS X 10_14_0) AppleWebKit/537.36 (KHTML, like Gecko) Chrome/72.0.3626.119 Safari/537.36"
[2019-03-03T15:05:11.483] [WARN] http - ::1 - - "GET /api/config HTTP/1.1" 304 - "http://localhost:8888/" "Mozilla/5.0 (Macintosh; Intel Mac OS X 10_14_0) AppleWebKit/537.36 (KHTML, like Gecko) Chrome/72.0.3626.119 Safari/537.36"
[2019-03-03T15:05:11.485] [WARN] http - ::1 - - "GET /getrouteconfigs/login HTTP/1.1" 304 - "http://localhost:8888/" "Mozilla/5.0 (Macintosh; Intel Mac OS X 10_14_0) AppleWebKit/537.36 (KHTML, like Gecko) Chrome/72.0.3626.119 Safari/537.36"
[2019-03-03T15:05:11.521] [WARN] http - ::1 - - "GET /main.bundle.js.map HTTP/1.1" 304 - "" "Mozilla/5.0 (Macintosh; Intel Mac OS X 10_14_0) AppleWebKit/537.36 (KHTML, like Gecko) Chrome/72.0.3626.119 Safari/537.36"
[2019-03-03T15:05:11.665] [WARN] http - ::1 - - "GET /assets/images/company-logo/logo.png HTTP/1.1" 304 - "http://localhost:8888/" "Mozilla/5.0 (Macintosh; Intel Mac OS X 10_14_0) AppleWebKit/537.36 (KHTML, like Gecko) Chrome/72.0.3626.119 Safari/537.36"
[2019-03-03T15:05:11.703] [INFO] http - ::1 - - "GET /assets/images/company-logo/logo.png HTTP/1.1" 200 46931 "http://localhost:8888/" "Mozilla/5.0 (Macintosh; Intel Mac OS X 10_14_0) AppleWebKit/537.36 (KHTML, like Gecko) Chrome/72.0.3626.119 Safari/537.36"
[2019-03-03T15:06:55.704] [WARN] http - ::1 - - "GET / HTTP/1.1" 304 - "http://localhost:8888/" "Mozilla/5.0 (Macintosh; Intel Mac OS X 10_14_0) AppleWebKit/537.36 (KHTML, like Gecko) Chrome/72.0.3626.119 Safari/537.36"
[2019-03-03T15:06:55.770] [WARN] http - ::1 - - "GET /polyfills.bundle.js HTTP/1.1" 304 - "http://localhost:8888/" "Mozilla/5.0 (Macintosh; Intel Mac OS X 10_14_0) AppleWebKit/537.36 (KHTML, like Gecko) Chrome/72.0.3626.119 Safari/537.36"
[2019-03-03T15:06:55.772] [WARN] http - ::1 - - "GET /inline.bundle.js HTTP/1.1" 304 - "http://localhost:8888/" "Mozilla/5.0 (Macintosh; Intel Mac OS X 10_14_0) AppleWebKit/537.36 (KHTML, like Gecko) Chrome/72.0.3626.119 Safari/537.36"
[2019-03-03T15:06:55.776] [WARN] http - ::1 - - "GET /styles.bundle.js HTTP/1.1" 304 - "http://localhost:8888/" "Mozilla/5.0 (Macintosh; Intel Mac OS X 10_14_0) AppleWebKit/537.36 (KHTML, like Gecko) Chrome/72.0.3626.119 Safari/537.36"
[2019-03-03T15:06:55.779] [WARN] http - ::1 - - "GET /main.bundle.js HTTP/1.1" 304 - "http://localhost:8888/" "Mozilla/5.0 (Macintosh; Intel Mac OS X 10_14_0) AppleWebKit/537.36 (KHTML, like Gecko) Chrome/72.0.3626.119 Safari/537.36"
[2019-03-03T15:06:55.780] [WARN] http - ::1 - - "GET /vendor.bundle.js HTTP/1.1" 304 - "http://localhost:8888/" "Mozilla/5.0 (Macintosh; Intel Mac OS X 10_14_0) AppleWebKit/537.36 (KHTML, like Gecko) Chrome/72.0.3626.119 Safari/537.36"
[2019-03-03T15:06:56.373] [WARN] http - ::1 - - "GET /inline.bundle.js.map HTTP/1.1" 304 - "" "Mozilla/5.0 (Macintosh; Intel Mac OS X 10_14_0) AppleWebKit/537.36 (KHTML, like Gecko) Chrome/72.0.3626.119 Safari/537.36"
[2019-03-03T15:06:56.375] [WARN] http - ::1 - - "GET /styles.bundle.js.map HTTP/1.1" 304 - "" "Mozilla/5.0 (Macintosh; Intel Mac OS X 10_14_0) AppleWebKit/537.36 (KHTML, like Gecko) Chrome/72.0.3626.119 Safari/537.36"
[2019-03-03T15:06:56.376] [WARN] http - ::1 - - "GET /polyfills.bundle.js.map HTTP/1.1" 304 - "" "Mozilla/5.0 (Macintosh; Intel Mac OS X 10_14_0) AppleWebKit/537.36 (KHTML, like Gecko) Chrome/72.0.3626.119 Safari/537.36"
[2019-03-03T15:06:56.378] [WARN] http - ::1 - - "GET /vendor.bundle.js.map HTTP/1.1" 304 - "" "Mozilla/5.0 (Macintosh; Intel Mac OS X 10_14_0) AppleWebKit/537.36 (KHTML, like Gecko) Chrome/72.0.3626.119 Safari/537.36"
[2019-03-03T15:06:56.380] [WARN] http - ::1 - - "GET /main.bundle.js.map HTTP/1.1" 304 - "" "Mozilla/5.0 (Macintosh; Intel Mac OS X 10_14_0) AppleWebKit/537.36 (KHTML, like Gecko) Chrome/72.0.3626.119 Safari/537.36"
[2019-03-03T15:06:56.397] [WARN] http - ::1 - - "GET /api/config HTTP/1.1" 304 - "http://localhost:8888/" "Mozilla/5.0 (Macintosh; Intel Mac OS X 10_14_0) AppleWebKit/537.36 (KHTML, like Gecko) Chrome/72.0.3626.119 Safari/537.36"
[2019-03-03T15:06:56.400] [WARN] http - ::1 - - "GET /getrouteconfigs/login HTTP/1.1" 304 - "http://localhost:8888/" "Mozilla/5.0 (Macintosh; Intel Mac OS X 10_14_0) AppleWebKit/537.36 (KHTML, like Gecko) Chrome/72.0.3626.119 Safari/537.36"
[2019-03-03T15:06:56.732] [WARN] http - ::1 - - "GET /india/cities HTTP/1.1" 304 - "http://localhost:8888/" "Mozilla/5.0 (Macintosh; Intel Mac OS X 10_14_0) AppleWebKit/537.36 (KHTML, like Gecko) Chrome/72.0.3626.119 Safari/537.36"
[2019-03-03T15:06:56.736] [WARN] http - ::1 - - "GET /assets/images/company-logo/logo.png HTTP/1.1" 304 - "http://localhost:8888/" "Mozilla/5.0 (Macintosh; Intel Mac OS X 10_14_0) AppleWebKit/537.36 (KHTML, like Gecko) Chrome/72.0.3626.119 Safari/537.36"
[2019-03-03T15:06:56.872] [WARN] http - ::1 - - "GET /assets/images/company-logo/logo.png HTTP/1.1" 304 - "http://localhost:8888/" "Mozilla/5.0 (Macintosh; Intel Mac OS X 10_14_0) AppleWebKit/537.36 (KHTML, like Gecko) Chrome/72.0.3626.119 Safari/537.36"
[2019-03-03T15:07:04.300] [INFO] http - ::1 - - "POST /login/v1 HTTP/1.1" 200 58 "http://localhost:8888/" "Mozilla/5.0 (Macintosh; Intel Mac OS X 10_14_0) AppleWebKit/537.36 (KHTML, like Gecko) Chrome/72.0.3626.119 Safari/537.36"
[2019-03-03T15:07:11.756] [INFO] http - ::1 - - "POST /login/v1 HTTP/1.1" 200 555 "http://localhost:8888/" "Mozilla/5.0 (Macintosh; Intel Mac OS X 10_14_0) AppleWebKit/537.36 (KHTML, like Gecko) Chrome/72.0.3626.119 Safari/537.36"
[2019-03-03T15:24:15.688] [WARN] http - ::1 - - "GET / HTTP/1.1" 304 - "http://localhost:8888/" "Mozilla/5.0 (Macintosh; Intel Mac OS X 10_14_0) AppleWebKit/537.36 (KHTML, like Gecko) Chrome/72.0.3626.119 Safari/537.36"
[2019-03-03T15:24:15.748] [WARN] http - ::1 - - "GET /inline.bundle.js HTTP/1.1" 304 - "http://localhost:8888/" "Mozilla/5.0 (Macintosh; Intel Mac OS X 10_14_0) AppleWebKit/537.36 (KHTML, like Gecko) Chrome/72.0.3626.119 Safari/537.36"
[2019-03-03T15:24:15.752] [WARN] http - ::1 - - "GET /styles.bundle.js HTTP/1.1" 304 - "http://localhost:8888/" "Mozilla/5.0 (Macintosh; Intel Mac OS X 10_14_0) AppleWebKit/537.36 (KHTML, like Gecko) Chrome/72.0.3626.119 Safari/537.36"
[2019-03-03T15:24:15.753] [WARN] http - ::1 - - "GET /polyfills.bundle.js HTTP/1.1" 304 - "http://localhost:8888/" "Mozilla/5.0 (Macintosh; Intel Mac OS X 10_14_0) AppleWebKit/537.36 (KHTML, like Gecko) Chrome/72.0.3626.119 Safari/537.36"
[2019-03-03T15:24:15.759] [WARN] http - ::1 - - "GET /vendor.bundle.js HTTP/1.1" 304 - "http://localhost:8888/" "Mozilla/5.0 (Macintosh; Intel Mac OS X 10_14_0) AppleWebKit/537.36 (KHTML, like Gecko) Chrome/72.0.3626.119 Safari/537.36"
[2019-03-03T15:24:15.760] [WARN] http - ::1 - - "GET /main.bundle.js HTTP/1.1" 304 - "http://localhost:8888/" "Mozilla/5.0 (Macintosh; Intel Mac OS X 10_14_0) AppleWebKit/537.36 (KHTML, like Gecko) Chrome/72.0.3626.119 Safari/537.36"
[2019-03-03T15:24:15.831] [WARN] http - ::1 - - "GET /inline.bundle.js.map HTTP/1.1" 304 - "" "Mozilla/5.0 (Macintosh; Intel Mac OS X 10_14_0) AppleWebKit/537.36 (KHTML, like Gecko) Chrome/72.0.3626.119 Safari/537.36"
[2019-03-03T15:24:16.305] [WARN] http - ::1 - - "GET /polyfills.bundle.js.map HTTP/1.1" 304 - "" "Mozilla/5.0 (Macintosh; Intel Mac OS X 10_14_0) AppleWebKit/537.36 (KHTML, like Gecko) Chrome/72.0.3626.119 Safari/537.36"
[2019-03-03T15:24:16.312] [WARN] http - ::1 - - "GET /api/config HTTP/1.1" 304 - "http://localhost:8888/" "Mozilla/5.0 (Macintosh; Intel Mac OS X 10_14_0) AppleWebKit/537.36 (KHTML, like Gecko) Chrome/72.0.3626.119 Safari/537.36"
[2019-03-03T15:24:16.313] [WARN] http - ::1 - - "GET /styles.bundle.js.map HTTP/1.1" 304 - "" "Mozilla/5.0 (Macintosh; Intel Mac OS X 10_14_0) AppleWebKit/537.36 (KHTML, like Gecko) Chrome/72.0.3626.119 Safari/537.36"
[2019-03-03T15:24:16.322] [WARN] http - ::1 - - "GET /getrouteconfigs/login HTTP/1.1" 304 - "http://localhost:8888/" "Mozilla/5.0 (Macintosh; Intel Mac OS X 10_14_0) AppleWebKit/537.36 (KHTML, like Gecko) Chrome/72.0.3626.119 Safari/537.36"
[2019-03-03T15:24:16.323] [WARN] http - ::1 - - "GET /vendor.bundle.js.map HTTP/1.1" 304 - "" "Mozilla/5.0 (Macintosh; Intel Mac OS X 10_14_0) AppleWebKit/537.36 (KHTML, like Gecko) Chrome/72.0.3626.119 Safari/537.36"
[2019-03-03T15:24:16.324] [WARN] http - ::1 - - "GET /main.bundle.js.map HTTP/1.1" 304 - "" "Mozilla/5.0 (Macintosh; Intel Mac OS X 10_14_0) AppleWebKit/537.36 (KHTML, like Gecko) Chrome/72.0.3626.119 Safari/537.36"
[2019-03-03T15:24:16.483] [WARN] http - ::1 - - "GET /india/cities HTTP/1.1" 304 - "http://localhost:8888/" "Mozilla/5.0 (Macintosh; Intel Mac OS X 10_14_0) AppleWebKit/537.36 (KHTML, like Gecko) Chrome/72.0.3626.119 Safari/537.36"
[2019-03-03T15:24:16.525] [WARN] http - ::1 - - "GET /assets/images/company-logo/logo.png HTTP/1.1" 304 - "http://localhost:8888/" "Mozilla/5.0 (Macintosh; Intel Mac OS X 10_14_0) AppleWebKit/537.36 (KHTML, like Gecko) Chrome/72.0.3626.119 Safari/537.36"
[2019-03-03T15:24:16.593] [WARN] http - ::1 - - "GET /assets/images/company-logo/logo.png HTTP/1.1" 304 - "http://localhost:8888/" "Mozilla/5.0 (Macintosh; Intel Mac OS X 10_14_0) AppleWebKit/537.36 (KHTML, like Gecko) Chrome/72.0.3626.119 Safari/537.36"
[2019-03-03T15:24:23.679] [INFO] http - ::1 - - "POST /login/v1 HTTP/1.1" 200 58 "http://localhost:8888/" "Mozilla/5.0 (Macintosh; Intel Mac OS X 10_14_0) AppleWebKit/537.36 (KHTML, like Gecko) Chrome/72.0.3626.119 Safari/537.36"
[2019-03-03T15:26:03.867] [INFO] http - ::1 - - "POST /login/v1 HTTP/1.1" 200 58 "http://localhost:8888/" "Mozilla/5.0 (Macintosh; Intel Mac OS X 10_14_0) AppleWebKit/537.36 (KHTML, like Gecko) Chrome/72.0.3626.119 Safari/537.36"
[2019-03-03T15:26:18.904] [INFO] http - ::1 - - "POST /register/v1 HTTP/1.1" 200 380 "http://localhost:8888/" "Mozilla/5.0 (Macintosh; Intel Mac OS X 10_14_0) AppleWebKit/537.36 (KHTML, like Gecko) Chrome/72.0.3626.119 Safari/537.36"
[2019-03-03T15:27:39.125] [WARN] http - ::1 - - "GET / HTTP/1.1" 304 - "http://localhost:8888/" "Mozilla/5.0 (Macintosh; Intel Mac OS X 10_14_0) AppleWebKit/537.36 (KHTML, like Gecko) Chrome/72.0.3626.119 Safari/537.36"
[2019-03-03T15:27:39.191] [WARN] http - ::1 - - "GET /inline.bundle.js HTTP/1.1" 304 - "http://localhost:8888/" "Mozilla/5.0 (Macintosh; Intel Mac OS X 10_14_0) AppleWebKit/537.36 (KHTML, like Gecko) Chrome/72.0.3626.119 Safari/537.36"
[2019-03-03T15:27:39.203] [WARN] http - ::1 - - "GET /polyfills.bundle.js HTTP/1.1" 304 - "http://localhost:8888/" "Mozilla/5.0 (Macintosh; Intel Mac OS X 10_14_0) AppleWebKit/537.36 (KHTML, like Gecko) Chrome/72.0.3626.119 Safari/537.36"
[2019-03-03T15:27:39.204] [WARN] http - ::1 - - "GET /styles.bundle.js HTTP/1.1" 304 - "http://localhost:8888/" "Mozilla/5.0 (Macintosh; Intel Mac OS X 10_14_0) AppleWebKit/537.36 (KHTML, like Gecko) Chrome/72.0.3626.119 Safari/537.36"
[2019-03-03T15:27:39.204] [WARN] http - ::1 - - "GET /main.bundle.js HTTP/1.1" 304 - "http://localhost:8888/" "Mozilla/5.0 (Macintosh; Intel Mac OS X 10_14_0) AppleWebKit/537.36 (KHTML, like Gecko) Chrome/72.0.3626.119 Safari/537.36"
[2019-03-03T15:27:39.207] [WARN] http - ::1 - - "GET /vendor.bundle.js HTTP/1.1" 304 - "http://localhost:8888/" "Mozilla/5.0 (Macintosh; Intel Mac OS X 10_14_0) AppleWebKit/537.36 (KHTML, like Gecko) Chrome/72.0.3626.119 Safari/537.36"
[2019-03-03T15:27:39.822] [WARN] http - ::1 - - "GET /api/config HTTP/1.1" 304 - "http://localhost:8888/" "Mozilla/5.0 (Macintosh; Intel Mac OS X 10_14_0) AppleWebKit/537.36 (KHTML, like Gecko) Chrome/72.0.3626.119 Safari/537.36"
[2019-03-03T15:27:39.826] [WARN] http - ::1 - - "GET /getrouteconfigs/login HTTP/1.1" 304 - "http://localhost:8888/" "Mozilla/5.0 (Macintosh; Intel Mac OS X 10_14_0) AppleWebKit/537.36 (KHTML, like Gecko) Chrome/72.0.3626.119 Safari/537.36"
[2019-03-03T15:27:39.827] [WARN] http - ::1 - - "GET /polyfills.bundle.js.map HTTP/1.1" 304 - "" "Mozilla/5.0 (Macintosh; Intel Mac OS X 10_14_0) AppleWebKit/537.36 (KHTML, like Gecko) Chrome/72.0.3626.119 Safari/537.36"
[2019-03-03T15:27:39.829] [WARN] http - ::1 - - "GET /inline.bundle.js.map HTTP/1.1" 304 - "" "Mozilla/5.0 (Macintosh; Intel Mac OS X 10_14_0) AppleWebKit/537.36 (KHTML, like Gecko) Chrome/72.0.3626.119 Safari/537.36"
[2019-03-03T15:27:39.830] [WARN] http - ::1 - - "GET /styles.bundle.js.map HTTP/1.1" 304 - "" "Mozilla/5.0 (Macintosh; Intel Mac OS X 10_14_0) AppleWebKit/537.36 (KHTML, like Gecko) Chrome/72.0.3626.119 Safari/537.36"
[2019-03-03T15:27:39.843] [WARN] http - ::1 - - "GET /vendor.bundle.js.map HTTP/1.1" 304 - "" "Mozilla/5.0 (Macintosh; Intel Mac OS X 10_14_0) AppleWebKit/537.36 (KHTML, like Gecko) Chrome/72.0.3626.119 Safari/537.36"
[2019-03-03T15:27:39.844] [WARN] http - ::1 - - "GET /main.bundle.js.map HTTP/1.1" 304 - "" "Mozilla/5.0 (Macintosh; Intel Mac OS X 10_14_0) AppleWebKit/537.36 (KHTML, like Gecko) Chrome/72.0.3626.119 Safari/537.36"
[2019-03-03T15:27:39.981] [WARN] http - ::1 - - "GET /assets/images/company-logo/logo.png HTTP/1.1" 304 - "http://localhost:8888/" "Mozilla/5.0 (Macintosh; Intel Mac OS X 10_14_0) AppleWebKit/537.36 (KHTML, like Gecko) Chrome/72.0.3626.119 Safari/537.36"
[2019-03-03T15:27:40.065] [INFO] http - ::1 - - "GET /assets/images/company-logo/logo.png HTTP/1.1" 200 46931 "http://localhost:8888/" "Mozilla/5.0 (Macintosh; Intel Mac OS X 10_14_0) AppleWebKit/537.36 (KHTML, like Gecko) Chrome/72.0.3626.119 Safari/537.36"
[2019-03-03T15:27:44.668] [WARN] http - ::1 - - "GET / HTTP/1.1" 304 - "http://localhost:8888/" "Mozilla/5.0 (Macintosh; Intel Mac OS X 10_14_0) AppleWebKit/537.36 (KHTML, like Gecko) Chrome/72.0.3626.119 Safari/537.36"
[2019-03-03T15:27:44.727] [WARN] http - ::1 - - "GET /inline.bundle.js HTTP/1.1" 304 - "http://localhost:8888/" "Mozilla/5.0 (Macintosh; Intel Mac OS X 10_14_0) AppleWebKit/537.36 (KHTML, like Gecko) Chrome/72.0.3626.119 Safari/537.36"
[2019-03-03T15:27:44.728] [WARN] http - ::1 - - "GET /polyfills.bundle.js HTTP/1.1" 304 - "http://localhost:8888/" "Mozilla/5.0 (Macintosh; Intel Mac OS X 10_14_0) AppleWebKit/537.36 (KHTML, like Gecko) Chrome/72.0.3626.119 Safari/537.36"
[2019-03-03T15:27:44.729] [WARN] http - ::1 - - "GET /styles.bundle.js HTTP/1.1" 304 - "http://localhost:8888/" "Mozilla/5.0 (Macintosh; Intel Mac OS X 10_14_0) AppleWebKit/537.36 (KHTML, like Gecko) Chrome/72.0.3626.119 Safari/537.36"
[2019-03-03T15:27:44.730] [WARN] http - ::1 - - "GET /vendor.bundle.js HTTP/1.1" 304 - "http://localhost:8888/" "Mozilla/5.0 (Macintosh; Intel Mac OS X 10_14_0) AppleWebKit/537.36 (KHTML, like Gecko) Chrome/72.0.3626.119 Safari/537.36"
[2019-03-03T15:27:44.731] [WARN] http - ::1 - - "GET /main.bundle.js HTTP/1.1" 304 - "http://localhost:8888/" "Mozilla/5.0 (Macintosh; Intel Mac OS X 10_14_0) AppleWebKit/537.36 (KHTML, like Gecko) Chrome/72.0.3626.119 Safari/537.36"
[2019-03-03T15:27:44.755] [WARN] http - ::1 - - "GET /inline.bundle.js.map HTTP/1.1" 304 - "" "Mozilla/5.0 (Macintosh; Intel Mac OS X 10_14_0) AppleWebKit/537.36 (KHTML, like Gecko) Chrome/72.0.3626.119 Safari/537.36"
[2019-03-03T15:27:44.806] [WARN] http - ::1 - - "GET /polyfills.bundle.js.map HTTP/1.1" 304 - "" "Mozilla/5.0 (Macintosh; Intel Mac OS X 10_14_0) AppleWebKit/537.36 (KHTML, like Gecko) Chrome/72.0.3626.119 Safari/537.36"
[2019-03-03T15:27:44.818] [WARN] http - ::1 - - "GET /styles.bundle.js.map HTTP/1.1" 304 - "" "Mozilla/5.0 (Macintosh; Intel Mac OS X 10_14_0) AppleWebKit/537.36 (KHTML, like Gecko) Chrome/72.0.3626.119 Safari/537.36"
[2019-03-03T15:27:44.880] [WARN] http - ::1 - - "GET /vendor.bundle.js.map HTTP/1.1" 304 - "" "Mozilla/5.0 (Macintosh; Intel Mac OS X 10_14_0) AppleWebKit/537.36 (KHTML, like Gecko) Chrome/72.0.3626.119 Safari/537.36"
[2019-03-03T15:27:45.276] [WARN] http - ::1 - - "GET /main.bundle.js.map HTTP/1.1" 304 - "" "Mozilla/5.0 (Macintosh; Intel Mac OS X 10_14_0) AppleWebKit/537.36 (KHTML, like Gecko) Chrome/72.0.3626.119 Safari/537.36"
[2019-03-03T15:27:45.283] [WARN] http - ::1 - - "GET /api/config HTTP/1.1" 304 - "http://localhost:8888/" "Mozilla/5.0 (Macintosh; Intel Mac OS X 10_14_0) AppleWebKit/537.36 (KHTML, like Gecko) Chrome/72.0.3626.119 Safari/537.36"
[2019-03-03T15:27:45.292] [WARN] http - ::1 - - "GET /getrouteconfigs/login HTTP/1.1" 304 - "http://localhost:8888/" "Mozilla/5.0 (Macintosh; Intel Mac OS X 10_14_0) AppleWebKit/537.36 (KHTML, like Gecko) Chrome/72.0.3626.119 Safari/537.36"
[2019-03-03T15:27:45.452] [WARN] http - ::1 - - "GET /india/cities HTTP/1.1" 304 - "http://localhost:8888/" "Mozilla/5.0 (Macintosh; Intel Mac OS X 10_14_0) AppleWebKit/537.36 (KHTML, like Gecko) Chrome/72.0.3626.119 Safari/537.36"
[2019-03-03T15:27:45.455] [WARN] http - ::1 - - "GET /assets/images/company-logo/logo.png HTTP/1.1" 304 - "http://localhost:8888/" "Mozilla/5.0 (Macintosh; Intel Mac OS X 10_14_0) AppleWebKit/537.36 (KHTML, like Gecko) Chrome/72.0.3626.119 Safari/537.36"
[2019-03-03T15:27:45.499] [WARN] http - ::1 - - "GET /assets/images/company-logo/logo.png HTTP/1.1" 304 - "http://localhost:8888/" "Mozilla/5.0 (Macintosh; Intel Mac OS X 10_14_0) AppleWebKit/537.36 (KHTML, like Gecko) Chrome/72.0.3626.119 Safari/537.36"
[2019-03-03T15:27:55.419] [INFO] http - ::1 - - "POST /register/v1 HTTP/1.1" 200 386 "http://localhost:8888/" "Mozilla/5.0 (Macintosh; Intel Mac OS X 10_14_0) AppleWebKit/537.36 (KHTML, like Gecko) Chrome/72.0.3626.119 Safari/537.36"
[2019-03-03T15:31:59.566] [WARN] http - ::1 - - "GET / HTTP/1.1" 304 - "http://localhost:8888/" "Mozilla/5.0 (Macintosh; Intel Mac OS X 10_14_0) AppleWebKit/537.36 (KHTML, like Gecko) Chrome/72.0.3626.119 Safari/537.36"
[2019-03-03T15:31:59.624] [WARN] http - ::1 - - "GET /inline.bundle.js HTTP/1.1" 304 - "http://localhost:8888/" "Mozilla/5.0 (Macintosh; Intel Mac OS X 10_14_0) AppleWebKit/537.36 (KHTML, like Gecko) Chrome/72.0.3626.119 Safari/537.36"
[2019-03-03T15:31:59.628] [WARN] http - ::1 - - "GET /polyfills.bundle.js HTTP/1.1" 304 - "http://localhost:8888/" "Mozilla/5.0 (Macintosh; Intel Mac OS X 10_14_0) AppleWebKit/537.36 (KHTML, like Gecko) Chrome/72.0.3626.119 Safari/537.36"
[2019-03-03T15:31:59.629] [WARN] http - ::1 - - "GET /styles.bundle.js HTTP/1.1" 304 - "http://localhost:8888/" "Mozilla/5.0 (Macintosh; Intel Mac OS X 10_14_0) AppleWebKit/537.36 (KHTML, like Gecko) Chrome/72.0.3626.119 Safari/537.36"
[2019-03-03T15:31:59.630] [WARN] http - ::1 - - "GET /vendor.bundle.js HTTP/1.1" 304 - "http://localhost:8888/" "Mozilla/5.0 (Macintosh; Intel Mac OS X 10_14_0) AppleWebKit/537.36 (KHTML, like Gecko) Chrome/72.0.3626.119 Safari/537.36"
[2019-03-03T15:31:59.634] [WARN] http - ::1 - - "GET /main.bundle.js HTTP/1.1" 304 - "http://localhost:8888/" "Mozilla/5.0 (Macintosh; Intel Mac OS X 10_14_0) AppleWebKit/537.36 (KHTML, like Gecko) Chrome/72.0.3626.119 Safari/537.36"
[2019-03-03T15:32:00.126] [WARN] http - ::1 - - "GET /inline.bundle.js.map HTTP/1.1" 304 - "" "Mozilla/5.0 (Macintosh; Intel Mac OS X 10_14_0) AppleWebKit/537.36 (KHTML, like Gecko) Chrome/72.0.3626.119 Safari/537.36"
[2019-03-03T15:32:00.128] [WARN] http - ::1 - - "GET /polyfills.bundle.js.map HTTP/1.1" 304 - "" "Mozilla/5.0 (Macintosh; Intel Mac OS X 10_14_0) AppleWebKit/537.36 (KHTML, like Gecko) Chrome/72.0.3626.119 Safari/537.36"
[2019-03-03T15:32:00.131] [WARN] http - ::1 - - "GET /styles.bundle.js.map HTTP/1.1" 304 - "" "Mozilla/5.0 (Macintosh; Intel Mac OS X 10_14_0) AppleWebKit/537.36 (KHTML, like Gecko) Chrome/72.0.3626.119 Safari/537.36"
[2019-03-03T15:32:00.137] [WARN] http - ::1 - - "GET /api/config HTTP/1.1" 304 - "http://localhost:8888/" "Mozilla/5.0 (Macintosh; Intel Mac OS X 10_14_0) AppleWebKit/537.36 (KHTML, like Gecko) Chrome/72.0.3626.119 Safari/537.36"
[2019-03-03T15:32:00.145] [WARN] http - ::1 - - "GET /getrouteconfigs/login HTTP/1.1" 304 - "http://localhost:8888/" "Mozilla/5.0 (Macintosh; Intel Mac OS X 10_14_0) AppleWebKit/537.36 (KHTML, like Gecko) Chrome/72.0.3626.119 Safari/537.36"
[2019-03-03T15:32:00.153] [WARN] http - ::1 - - "GET /vendor.bundle.js.map HTTP/1.1" 304 - "" "Mozilla/5.0 (Macintosh; Intel Mac OS X 10_14_0) AppleWebKit/537.36 (KHTML, like Gecko) Chrome/72.0.3626.119 Safari/537.36"
[2019-03-03T15:32:00.154] [WARN] http - ::1 - - "GET /main.bundle.js.map HTTP/1.1" 304 - "" "Mozilla/5.0 (Macintosh; Intel Mac OS X 10_14_0) AppleWebKit/537.36 (KHTML, like Gecko) Chrome/72.0.3626.119 Safari/537.36"
[2019-03-03T15:32:00.646] [WARN] http - ::1 - - "GET /india/cities HTTP/1.1" 304 - "http://localhost:8888/" "Mozilla/5.0 (Macintosh; Intel Mac OS X 10_14_0) AppleWebKit/537.36 (KHTML, like Gecko) Chrome/72.0.3626.119 Safari/537.36"
[2019-03-03T15:32:00.648] [WARN] http - ::1 - - "GET /assets/images/company-logo/logo.png HTTP/1.1" 304 - "http://localhost:8888/" "Mozilla/5.0 (Macintosh; Intel Mac OS X 10_14_0) AppleWebKit/537.36 (KHTML, like Gecko) Chrome/72.0.3626.119 Safari/537.36"
[2019-03-03T15:32:00.712] [WARN] http - ::1 - - "GET /assets/images/company-logo/logo.png HTTP/1.1" 304 - "http://localhost:8888/" "Mozilla/5.0 (Macintosh; Intel Mac OS X 10_14_0) AppleWebKit/537.36 (KHTML, like Gecko) Chrome/72.0.3626.119 Safari/537.36"
[2019-03-03T15:32:16.575] [INFO] http - ::1 - - "POST /register/v1 HTTP/1.1" 200 46 "http://localhost:8888/" "Mozilla/5.0 (Macintosh; Intel Mac OS X 10_14_0) AppleWebKit/537.36 (KHTML, like Gecko) Chrome/72.0.3626.119 Safari/537.36"
[2019-03-03T15:33:12.879] [INFO] http - ::1 - - "POST /register/v1 HTTP/1.1" 200 385 "http://localhost:8888/" "Mozilla/5.0 (Macintosh; Intel Mac OS X 10_14_0) AppleWebKit/537.36 (KHTML, like Gecko) Chrome/72.0.3626.119 Safari/537.36"
[2019-03-03T16:47:38.950] [WARN] http - ::1 - - "GET / HTTP/1.1" 304 - "http://localhost:8888/" "Mozilla/5.0 (Macintosh; Intel Mac OS X 10_14_0) AppleWebKit/537.36 (KHTML, like Gecko) Chrome/72.0.3626.119 Safari/537.36"
[2019-03-03T16:47:39.028] [WARN] http - ::1 - - "GET /vendor.bundle.js HTTP/1.1" 304 - "http://localhost:8888/" "Mozilla/5.0 (Macintosh; Intel Mac OS X 10_14_0) AppleWebKit/537.36 (KHTML, like Gecko) Chrome/72.0.3626.119 Safari/537.36"
[2019-03-03T16:47:39.032] [WARN] http - ::1 - - "GET /inline.bundle.js HTTP/1.1" 304 - "http://localhost:8888/" "Mozilla/5.0 (Macintosh; Intel Mac OS X 10_14_0) AppleWebKit/537.36 (KHTML, like Gecko) Chrome/72.0.3626.119 Safari/537.36"
[2019-03-03T16:47:39.034] [WARN] http - ::1 - - "GET /polyfills.bundle.js HTTP/1.1" 304 - "http://localhost:8888/" "Mozilla/5.0 (Macintosh; Intel Mac OS X 10_14_0) AppleWebKit/537.36 (KHTML, like Gecko) Chrome/72.0.3626.119 Safari/537.36"
[2019-03-03T16:47:39.035] [WARN] http - ::1 - - "GET /main.bundle.js HTTP/1.1" 304 - "http://localhost:8888/" "Mozilla/5.0 (Macintosh; Intel Mac OS X 10_14_0) AppleWebKit/537.36 (KHTML, like Gecko) Chrome/72.0.3626.119 Safari/537.36"
[2019-03-03T16:47:39.035] [WARN] http - ::1 - - "GET /styles.bundle.js HTTP/1.1" 304 - "http://localhost:8888/" "Mozilla/5.0 (Macintosh; Intel Mac OS X 10_14_0) AppleWebKit/537.36 (KHTML, like Gecko) Chrome/72.0.3626.119 Safari/537.36"
[2019-03-03T16:47:39.721] [WARN] http - ::1 - - "GET /inline.bundle.js.map HTTP/1.1" 304 - "" "Mozilla/5.0 (Macintosh; Intel Mac OS X 10_14_0) AppleWebKit/537.36 (KHTML, like Gecko) Chrome/72.0.3626.119 Safari/537.36"
[2019-03-03T16:47:39.723] [WARN] http - ::1 - - "GET /polyfills.bundle.js.map HTTP/1.1" 304 - "" "Mozilla/5.0 (Macintosh; Intel Mac OS X 10_14_0) AppleWebKit/537.36 (KHTML, like Gecko) Chrome/72.0.3626.119 Safari/537.36"
[2019-03-03T16:47:39.729] [WARN] http - ::1 - - "GET /styles.bundle.js.map HTTP/1.1" 304 - "" "Mozilla/5.0 (Macintosh; Intel Mac OS X 10_14_0) AppleWebKit/537.36 (KHTML, like Gecko) Chrome/72.0.3626.119 Safari/537.36"
[2019-03-03T16:47:39.739] [WARN] http - ::1 - - "GET /api/config HTTP/1.1" 304 - "http://localhost:8888/" "Mozilla/5.0 (Macintosh; Intel Mac OS X 10_14_0) AppleWebKit/537.36 (KHTML, like Gecko) Chrome/72.0.3626.119 Safari/537.36"
[2019-03-03T16:47:39.745] [WARN] http - ::1 - - "GET /main.bundle.js.map HTTP/1.1" 304 - "" "Mozilla/5.0 (Macintosh; Intel Mac OS X 10_14_0) AppleWebKit/537.36 (KHTML, like Gecko) Chrome/72.0.3626.119 Safari/537.36"
[2019-03-03T16:47:39.750] [WARN] http - ::1 - - "GET /getrouteconfigs/login HTTP/1.1" 304 - "http://localhost:8888/" "Mozilla/5.0 (Macintosh; Intel Mac OS X 10_14_0) AppleWebKit/537.36 (KHTML, like Gecko) Chrome/72.0.3626.119 Safari/537.36"
[2019-03-03T16:47:39.898] [INFO] http - ::1 - - "GET /vendor.bundle.js.map HTTP/1.1" 200 4923629 "" "Mozilla/5.0 (Macintosh; Intel Mac OS X 10_14_0) AppleWebKit/537.36 (KHTML, like Gecko) Chrome/72.0.3626.119 Safari/537.36"
[2019-03-03T16:47:40.050] [WARN] http - ::1 - - "GET /india/cities HTTP/1.1" 304 - "http://localhost:8888/" "Mozilla/5.0 (Macintosh; Intel Mac OS X 10_14_0) AppleWebKit/537.36 (KHTML, like Gecko) Chrome/72.0.3626.119 Safari/537.36"
[2019-03-03T16:47:40.057] [WARN] http - ::1 - - "GET /assets/images/company-logo/logo.png HTTP/1.1" 304 - "http://localhost:8888/" "Mozilla/5.0 (Macintosh; Intel Mac OS X 10_14_0) AppleWebKit/537.36 (KHTML, like Gecko) Chrome/72.0.3626.119 Safari/537.36"
[2019-03-03T16:47:40.210] [WARN] http - ::1 - - "GET /assets/images/company-logo/logo.png HTTP/1.1" 304 - "http://localhost:8888/" "Mozilla/5.0 (Macintosh; Intel Mac OS X 10_14_0) AppleWebKit/537.36 (KHTML, like Gecko) Chrome/72.0.3626.119 Safari/537.36"
[2019-03-03T16:47:52.913] [INFO] http - ::1 - - "POST /login/v1 HTTP/1.1" 200 58 "http://localhost:8888/" "Mozilla/5.0 (Macintosh; Intel Mac OS X 10_14_0) AppleWebKit/537.36 (KHTML, like Gecko) Chrome/72.0.3626.119 Safari/537.36"
[2019-03-03T16:48:07.564] [INFO] http - ::1 - - "POST /register/v1 HTTP/1.1" 200 46 "http://localhost:8888/" "Mozilla/5.0 (Macintosh; Intel Mac OS X 10_14_0) AppleWebKit/537.36 (KHTML, like Gecko) Chrome/72.0.3626.119 Safari/537.36"
[2019-03-03T16:48:28.866] [INFO] http - ::1 - - "POST /register/v1 HTTP/1.1" 200 463 "http://localhost:8888/" "Mozilla/5.0 (Macintosh; Intel Mac OS X 10_14_0) AppleWebKit/537.36 (KHTML, like Gecko) Chrome/72.0.3626.119 Safari/537.36"
[2019-03-03T16:50:44.880] [WARN] http - ::1 - - "GET / HTTP/1.1" 304 - "http://localhost:8888/" "Mozilla/5.0 (Macintosh; Intel Mac OS X 10_14_0) AppleWebKit/537.36 (KHTML, like Gecko) Chrome/72.0.3626.119 Safari/537.36"
[2019-03-03T16:50:44.943] [WARN] http - ::1 - - "GET /inline.bundle.js HTTP/1.1" 304 - "http://localhost:8888/" "Mozilla/5.0 (Macintosh; Intel Mac OS X 10_14_0) AppleWebKit/537.36 (KHTML, like Gecko) Chrome/72.0.3626.119 Safari/537.36"
[2019-03-03T16:50:44.944] [WARN] http - ::1 - - "GET /polyfills.bundle.js HTTP/1.1" 304 - "http://localhost:8888/" "Mozilla/5.0 (Macintosh; Intel Mac OS X 10_14_0) AppleWebKit/537.36 (KHTML, like Gecko) Chrome/72.0.3626.119 Safari/537.36"
[2019-03-03T16:50:44.945] [WARN] http - ::1 - - "GET /styles.bundle.js HTTP/1.1" 304 - "http://localhost:8888/" "Mozilla/5.0 (Macintosh; Intel Mac OS X 10_14_0) AppleWebKit/537.36 (KHTML, like Gecko) Chrome/72.0.3626.119 Safari/537.36"
[2019-03-03T16:50:44.951] [WARN] http - ::1 - - "GET /main.bundle.js HTTP/1.1" 304 - "http://localhost:8888/" "Mozilla/5.0 (Macintosh; Intel Mac OS X 10_14_0) AppleWebKit/537.36 (KHTML, like Gecko) Chrome/72.0.3626.119 Safari/537.36"
[2019-03-03T16:50:45.003] [WARN] http - ::1 - - "GET /inline.bundle.js.map HTTP/1.1" 304 - "" "Mozilla/5.0 (Macintosh; Intel Mac OS X 10_14_0) AppleWebKit/537.36 (KHTML, like Gecko) Chrome/72.0.3626.119 Safari/537.36"
[2019-03-03T16:50:45.134] [WARN] http - ::1 - - "GET /polyfills.bundle.js.map HTTP/1.1" 304 - "" "Mozilla/5.0 (Macintosh; Intel Mac OS X 10_14_0) AppleWebKit/537.36 (KHTML, like Gecko) Chrome/72.0.3626.119 Safari/537.36"
[2019-03-03T16:50:45.147] [WARN] http - ::1 - - "GET /styles.bundle.js.map HTTP/1.1" 304 - "" "Mozilla/5.0 (Macintosh; Intel Mac OS X 10_14_0) AppleWebKit/537.36 (KHTML, like Gecko) Chrome/72.0.3626.119 Safari/537.36"
[2019-03-03T16:50:45.185] [INFO] http - ::1 - - "GET /vendor.bundle.js HTTP/1.1" 200 4221368 "http://localhost:8888/" "Mozilla/5.0 (Macintosh; Intel Mac OS X 10_14_0) AppleWebKit/537.36 (KHTML, like Gecko) Chrome/72.0.3626.119 Safari/537.36"
[2019-03-03T16:50:45.403] [WARN] http - ::1 - - "GET /vendor.bundle.js.map HTTP/1.1" 304 - "" "Mozilla/5.0 (Macintosh; Intel Mac OS X 10_14_0) AppleWebKit/537.36 (KHTML, like Gecko) Chrome/72.0.3626.119 Safari/537.36"
[2019-03-03T16:50:45.918] [WARN] http - ::1 - - "GET /main.bundle.js.map HTTP/1.1" 304 - "" "Mozilla/5.0 (Macintosh; Intel Mac OS X 10_14_0) AppleWebKit/537.36 (KHTML, like Gecko) Chrome/72.0.3626.119 Safari/537.36"
[2019-03-03T16:50:45.928] [WARN] http - ::1 - - "GET /api/config HTTP/1.1" 304 - "http://localhost:8888/" "Mozilla/5.0 (Macintosh; Intel Mac OS X 10_14_0) AppleWebKit/537.36 (KHTML, like Gecko) Chrome/72.0.3626.119 Safari/537.36"
[2019-03-03T16:50:45.932] [WARN] http - ::1 - - "GET /getrouteconfigs/login HTTP/1.1" 304 - "http://localhost:8888/" "Mozilla/5.0 (Macintosh; Intel Mac OS X 10_14_0) AppleWebKit/537.36 (KHTML, like Gecko) Chrome/72.0.3626.119 Safari/537.36"
[2019-03-03T16:50:46.071] [WARN] http - ::1 - - "GET /india/cities HTTP/1.1" 304 - "http://localhost:8888/" "Mozilla/5.0 (Macintosh; Intel Mac OS X 10_14_0) AppleWebKit/537.36 (KHTML, like Gecko) Chrome/72.0.3626.119 Safari/537.36"
[2019-03-03T16:50:46.080] [WARN] http - ::1 - - "GET /assets/images/company-logo/logo.png HTTP/1.1" 304 - "http://localhost:8888/" "Mozilla/5.0 (Macintosh; Intel Mac OS X 10_14_0) AppleWebKit/537.36 (KHTML, like Gecko) Chrome/72.0.3626.119 Safari/537.36"
[2019-03-03T16:50:46.223] [WARN] http - ::1 - - "GET /assets/images/company-logo/logo.png HTTP/1.1" 304 - "http://localhost:8888/" "Mozilla/5.0 (Macintosh; Intel Mac OS X 10_14_0) AppleWebKit/537.36 (KHTML, like Gecko) Chrome/72.0.3626.119 Safari/537.36"
[2019-03-03T16:51:02.815] [INFO] http - ::1 - - "POST /register/v1 HTTP/1.1" 200 46 "http://localhost:8888/" "Mozilla/5.0 (Macintosh; Intel Mac OS X 10_14_0) AppleWebKit/537.36 (KHTML, like Gecko) Chrome/72.0.3626.119 Safari/537.36"
[2019-03-03T16:51:30.397] [INFO] http - ::1 - - "POST /register/v1 HTTP/1.1" 200 380 "http://localhost:8888/" "Mozilla/5.0 (Macintosh; Intel Mac OS X 10_14_0) AppleWebKit/537.36 (KHTML, like Gecko) Chrome/72.0.3626.119 Safari/537.36"
[2019-03-03T16:55:59.887] [WARN] http - ::1 - - "GET / HTTP/1.1" 304 - "http://localhost:8888/" "Mozilla/5.0 (Macintosh; Intel Mac OS X 10_14_0) AppleWebKit/537.36 (KHTML, like Gecko) Chrome/72.0.3626.119 Safari/537.36"
[2019-03-03T16:55:59.943] [WARN] http - ::1 - - "GET /polyfills.bundle.js HTTP/1.1" 304 - "http://localhost:8888/" "Mozilla/5.0 (Macintosh; Intel Mac OS X 10_14_0) AppleWebKit/537.36 (KHTML, like Gecko) Chrome/72.0.3626.119 Safari/537.36"
[2019-03-03T16:55:59.944] [WARN] http - ::1 - - "GET /inline.bundle.js HTTP/1.1" 304 - "http://localhost:8888/" "Mozilla/5.0 (Macintosh; Intel Mac OS X 10_14_0) AppleWebKit/537.36 (KHTML, like Gecko) Chrome/72.0.3626.119 Safari/537.36"
[2019-03-03T16:55:59.945] [WARN] http - ::1 - - "GET /styles.bundle.js HTTP/1.1" 304 - "http://localhost:8888/" "Mozilla/5.0 (Macintosh; Intel Mac OS X 10_14_0) AppleWebKit/537.36 (KHTML, like Gecko) Chrome/72.0.3626.119 Safari/537.36"
[2019-03-03T16:55:59.945] [WARN] http - ::1 - - "GET /vendor.bundle.js HTTP/1.1" 304 - "http://localhost:8888/" "Mozilla/5.0 (Macintosh; Intel Mac OS X 10_14_0) AppleWebKit/537.36 (KHTML, like Gecko) Chrome/72.0.3626.119 Safari/537.36"
[2019-03-03T16:55:59.951] [WARN] http - ::1 - - "GET /main.bundle.js HTTP/1.1" 304 - "http://localhost:8888/" "Mozilla/5.0 (Macintosh; Intel Mac OS X 10_14_0) AppleWebKit/537.36 (KHTML, like Gecko) Chrome/72.0.3626.119 Safari/537.36"
[2019-03-03T16:56:00.005] [WARN] http - ::1 - - "GET /inline.bundle.js.map HTTP/1.1" 304 - "" "Mozilla/5.0 (Macintosh; Intel Mac OS X 10_14_0) AppleWebKit/537.36 (KHTML, like Gecko) Chrome/72.0.3626.119 Safari/537.36"
[2019-03-03T16:56:00.320] [WARN] http - ::1 - - "GET /polyfills.bundle.js.map HTTP/1.1" 304 - "" "Mozilla/5.0 (Macintosh; Intel Mac OS X 10_14_0) AppleWebKit/537.36 (KHTML, like Gecko) Chrome/72.0.3626.119 Safari/537.36"
[2019-03-03T16:56:00.322] [WARN] http - ::1 - - "GET /styles.bundle.js.map HTTP/1.1" 304 - "" "Mozilla/5.0 (Macintosh; Intel Mac OS X 10_14_0) AppleWebKit/537.36 (KHTML, like Gecko) Chrome/72.0.3626.119 Safari/537.36"
[2019-03-03T16:56:00.322] [WARN] http - ::1 - - "GET /vendor.bundle.js.map HTTP/1.1" 304 - "" "Mozilla/5.0 (Macintosh; Intel Mac OS X 10_14_0) AppleWebKit/537.36 (KHTML, like Gecko) Chrome/72.0.3626.119 Safari/537.36"
[2019-03-03T16:56:00.838] [WARN] http - ::1 - - "GET /api/config HTTP/1.1" 304 - "http://localhost:8888/" "Mozilla/5.0 (Macintosh; Intel Mac OS X 10_14_0) AppleWebKit/537.36 (KHTML, like Gecko) Chrome/72.0.3626.119 Safari/537.36"
[2019-03-03T16:56:00.841] [WARN] http - ::1 - - "GET /getrouteconfigs/login HTTP/1.1" 304 - "http://localhost:8888/" "Mozilla/5.0 (Macintosh; Intel Mac OS X 10_14_0) AppleWebKit/537.36 (KHTML, like Gecko) Chrome/72.0.3626.119 Safari/537.36"
[2019-03-03T16:56:00.842] [WARN] http - ::1 - - "GET /main.bundle.js.map HTTP/1.1" 304 - "" "Mozilla/5.0 (Macintosh; Intel Mac OS X 10_14_0) AppleWebKit/537.36 (KHTML, like Gecko) Chrome/72.0.3626.119 Safari/537.36"
[2019-03-03T16:56:01.013] [WARN] http - ::1 - - "GET /india/cities HTTP/1.1" 304 - "http://localhost:8888/" "Mozilla/5.0 (Macintosh; Intel Mac OS X 10_14_0) AppleWebKit/537.36 (KHTML, like Gecko) Chrome/72.0.3626.119 Safari/537.36"
[2019-03-03T16:56:01.021] [WARN] http - ::1 - - "GET /assets/images/company-logo/logo.png HTTP/1.1" 304 - "http://localhost:8888/" "Mozilla/5.0 (Macintosh; Intel Mac OS X 10_14_0) AppleWebKit/537.36 (KHTML, like Gecko) Chrome/72.0.3626.119 Safari/537.36"
[2019-03-03T16:56:01.065] [WARN] http - ::1 - - "GET /assets/images/company-logo/logo.png HTTP/1.1" 304 - "http://localhost:8888/" "Mozilla/5.0 (Macintosh; Intel Mac OS X 10_14_0) AppleWebKit/537.36 (KHTML, like Gecko) Chrome/72.0.3626.119 Safari/537.36"
[2019-03-03T16:56:20.177] [INFO] http - ::1 - - "POST /login/v1 HTTP/1.1" 200 382 "http://localhost:8888/" "Mozilla/5.0 (Macintosh; Intel Mac OS X 10_14_0) AppleWebKit/537.36 (KHTML, like Gecko) Chrome/72.0.3626.119 Safari/537.36"
[2019-03-03T18:21:55.348] [WARN] http - ::1 - - "GET / HTTP/1.1" 304 - "http://localhost:8888/" "Mozilla/5.0 (Macintosh; Intel Mac OS X 10_14_0) AppleWebKit/537.36 (KHTML, like Gecko) Chrome/72.0.3626.119 Safari/537.36"
[2019-03-03T18:21:55.431] [WARN] http - ::1 - - "GET /polyfills.bundle.js HTTP/1.1" 304 - "http://localhost:8888/" "Mozilla/5.0 (Macintosh; Intel Mac OS X 10_14_0) AppleWebKit/537.36 (KHTML, like Gecko) Chrome/72.0.3626.119 Safari/537.36"
[2019-03-03T18:21:55.438] [WARN] http - ::1 - - "GET /inline.bundle.js HTTP/1.1" 304 - "http://localhost:8888/" "Mozilla/5.0 (Macintosh; Intel Mac OS X 10_14_0) AppleWebKit/537.36 (KHTML, like Gecko) Chrome/72.0.3626.119 Safari/537.36"
[2019-03-03T18:21:55.439] [WARN] http - ::1 - - "GET /styles.bundle.js HTTP/1.1" 304 - "http://localhost:8888/" "Mozilla/5.0 (Macintosh; Intel Mac OS X 10_14_0) AppleWebKit/537.36 (KHTML, like Gecko) Chrome/72.0.3626.119 Safari/537.36"
[2019-03-03T18:21:55.440] [WARN] http - ::1 - - "GET /vendor.bundle.js HTTP/1.1" 304 - "http://localhost:8888/" "Mozilla/5.0 (Macintosh; Intel Mac OS X 10_14_0) AppleWebKit/537.36 (KHTML, like Gecko) Chrome/72.0.3626.119 Safari/537.36"
[2019-03-03T18:21:55.440] [WARN] http - ::1 - - "GET /main.bundle.js HTTP/1.1" 304 - "http://localhost:8888/" "Mozilla/5.0 (Macintosh; Intel Mac OS X 10_14_0) AppleWebKit/537.36 (KHTML, like Gecko) Chrome/72.0.3626.119 Safari/537.36"
[2019-03-03T18:21:55.521] [WARN] http - ::1 - - "GET /inline.bundle.js.map HTTP/1.1" 304 - "" "Mozilla/5.0 (Macintosh; Intel Mac OS X 10_14_0) AppleWebKit/537.36 (KHTML, like Gecko) Chrome/72.0.3626.119 Safari/537.36"
[2019-03-03T18:21:55.656] [WARN] http - ::1 - - "GET /polyfills.bundle.js.map HTTP/1.1" 304 - "" "Mozilla/5.0 (Macintosh; Intel Mac OS X 10_14_0) AppleWebKit/537.36 (KHTML, like Gecko) Chrome/72.0.3626.119 Safari/537.36"
[2019-03-03T18:21:55.692] [WARN] http - ::1 - - "GET /styles.bundle.js.map HTTP/1.1" 304 - "" "Mozilla/5.0 (Macintosh; Intel Mac OS X 10_14_0) AppleWebKit/537.36 (KHTML, like Gecko) Chrome/72.0.3626.119 Safari/537.36"
[2019-03-03T18:21:55.982] [WARN] http - ::1 - - "GET /vendor.bundle.js.map HTTP/1.1" 304 - "" "Mozilla/5.0 (Macintosh; Intel Mac OS X 10_14_0) AppleWebKit/537.36 (KHTML, like Gecko) Chrome/72.0.3626.119 Safari/537.36"
[2019-03-03T18:21:56.723] [WARN] http - ::1 - - "GET /main.bundle.js.map HTTP/1.1" 304 - "" "Mozilla/5.0 (Macintosh; Intel Mac OS X 10_14_0) AppleWebKit/537.36 (KHTML, like Gecko) Chrome/72.0.3626.119 Safari/537.36"
[2019-03-03T18:21:56.736] [WARN] http - ::1 - - "GET /api/config HTTP/1.1" 304 - "http://localhost:8888/" "Mozilla/5.0 (Macintosh; Intel Mac OS X 10_14_0) AppleWebKit/537.36 (KHTML, like Gecko) Chrome/72.0.3626.119 Safari/537.36"
[2019-03-03T18:21:56.742] [WARN] http - ::1 - - "GET /getrouteconfigs/login HTTP/1.1" 304 - "http://localhost:8888/" "Mozilla/5.0 (Macintosh; Intel Mac OS X 10_14_0) AppleWebKit/537.36 (KHTML, like Gecko) Chrome/72.0.3626.119 Safari/537.36"
[2019-03-03T18:21:56.927] [WARN] http - ::1 - - "GET /india/cities HTTP/1.1" 304 - "http://localhost:8888/" "Mozilla/5.0 (Macintosh; Intel Mac OS X 10_14_0) AppleWebKit/537.36 (KHTML, like Gecko) Chrome/72.0.3626.119 Safari/537.36"
[2019-03-03T18:21:56.929] [WARN] http - ::1 - - "GET /assets/images/company-logo/logo.png HTTP/1.1" 304 - "http://localhost:8888/" "Mozilla/5.0 (Macintosh; Intel Mac OS X 10_14_0) AppleWebKit/537.36 (KHTML, like Gecko) Chrome/72.0.3626.119 Safari/537.36"
[2019-03-03T18:21:57.189] [WARN] http - ::1 - - "GET /assets/images/company-logo/logo.png HTTP/1.1" 304 - "http://localhost:8888/" "Mozilla/5.0 (Macintosh; Intel Mac OS X 10_14_0) AppleWebKit/537.36 (KHTML, like Gecko) Chrome/72.0.3626.119 Safari/537.36"
[2019-03-03T18:22:11.205] [INFO] http - ::1 - - "POST /login/v1 HTTP/1.1" 200 457 "http://localhost:8888/" "Mozilla/5.0 (Macintosh; Intel Mac OS X 10_14_0) AppleWebKit/537.36 (KHTML, like Gecko) Chrome/72.0.3626.119 Safari/537.36"
[2019-03-03T18:24:37.092] [WARN] http - ::1 - - "GET / HTTP/1.1" 304 - "http://localhost:8888/" "Mozilla/5.0 (Macintosh; Intel Mac OS X 10_14_0) AppleWebKit/537.36 (KHTML, like Gecko) Chrome/72.0.3626.119 Safari/537.36"
[2019-03-03T18:24:37.147] [WARN] http - ::1 - - "GET /polyfills.bundle.js HTTP/1.1" 304 - "http://localhost:8888/" "Mozilla/5.0 (Macintosh; Intel Mac OS X 10_14_0) AppleWebKit/537.36 (KHTML, like Gecko) Chrome/72.0.3626.119 Safari/537.36"
[2019-03-03T18:24:37.148] [WARN] http - ::1 - - "GET /styles.bundle.js HTTP/1.1" 304 - "http://localhost:8888/" "Mozilla/5.0 (Macintosh; Intel Mac OS X 10_14_0) AppleWebKit/537.36 (KHTML, like Gecko) Chrome/72.0.3626.119 Safari/537.36"
[2019-03-03T18:24:37.149] [WARN] http - ::1 - - "GET /inline.bundle.js HTTP/1.1" 304 - "http://localhost:8888/" "Mozilla/5.0 (Macintosh; Intel Mac OS X 10_14_0) AppleWebKit/537.36 (KHTML, like Gecko) Chrome/72.0.3626.119 Safari/537.36"
[2019-03-03T18:24:37.154] [WARN] http - ::1 - - "GET /vendor.bundle.js HTTP/1.1" 304 - "http://localhost:8888/" "Mozilla/5.0 (Macintosh; Intel Mac OS X 10_14_0) AppleWebKit/537.36 (KHTML, like Gecko) Chrome/72.0.3626.119 Safari/537.36"
[2019-03-03T18:24:37.159] [WARN] http - ::1 - - "GET /main.bundle.js HTTP/1.1" 304 - "http://localhost:8888/" "Mozilla/5.0 (Macintosh; Intel Mac OS X 10_14_0) AppleWebKit/537.36 (KHTML, like Gecko) Chrome/72.0.3626.119 Safari/537.36"
[2019-03-03T18:24:37.322] [WARN] http - ::1 - - "GET /inline.bundle.js.map HTTP/1.1" 304 - "" "Mozilla/5.0 (Macintosh; Intel Mac OS X 10_14_0) AppleWebKit/537.36 (KHTML, like Gecko) Chrome/72.0.3626.119 Safari/537.36"
[2019-03-03T18:24:37.322] [WARN] http - ::1 - - "GET /polyfills.bundle.js.map HTTP/1.1" 304 - "" "Mozilla/5.0 (Macintosh; Intel Mac OS X 10_14_0) AppleWebKit/537.36 (KHTML, like Gecko) Chrome/72.0.3626.119 Safari/537.36"
[2019-03-03T18:24:37.323] [WARN] http - ::1 - - "GET /styles.bundle.js.map HTTP/1.1" 304 - "" "Mozilla/5.0 (Macintosh; Intel Mac OS X 10_14_0) AppleWebKit/537.36 (KHTML, like Gecko) Chrome/72.0.3626.119 Safari/537.36"
[2019-03-03T18:24:37.846] [WARN] http - ::1 - - "GET /vendor.bundle.js.map HTTP/1.1" 304 - "" "Mozilla/5.0 (Macintosh; Intel Mac OS X 10_14_0) AppleWebKit/537.36 (KHTML, like Gecko) Chrome/72.0.3626.119 Safari/537.36"
[2019-03-03T18:24:37.848] [WARN] http - ::1 - - "GET /main.bundle.js.map HTTP/1.1" 304 - "" "Mozilla/5.0 (Macintosh; Intel Mac OS X 10_14_0) AppleWebKit/537.36 (KHTML, like Gecko) Chrome/72.0.3626.119 Safari/537.36"
[2019-03-03T18:24:37.861] [WARN] http - ::1 - - "GET /api/config HTTP/1.1" 304 - "http://localhost:8888/" "Mozilla/5.0 (Macintosh; Intel Mac OS X 10_14_0) AppleWebKit/537.36 (KHTML, like Gecko) Chrome/72.0.3626.119 Safari/537.36"
[2019-03-03T18:24:37.865] [WARN] http - ::1 - - "GET /getrouteconfigs/login HTTP/1.1" 304 - "http://localhost:8888/" "Mozilla/5.0 (Macintosh; Intel Mac OS X 10_14_0) AppleWebKit/537.36 (KHTML, like Gecko) Chrome/72.0.3626.119 Safari/537.36"
[2019-03-03T18:24:38.064] [WARN] http - ::1 - - "GET /india/cities HTTP/1.1" 304 - "http://localhost:8888/" "Mozilla/5.0 (Macintosh; Intel Mac OS X 10_14_0) AppleWebKit/537.36 (KHTML, like Gecko) Chrome/72.0.3626.119 Safari/537.36"
[2019-03-03T18:24:38.076] [WARN] http - ::1 - - "GET /assets/images/company-logo/logo.png HTTP/1.1" 304 - "http://localhost:8888/" "Mozilla/5.0 (Macintosh; Intel Mac OS X 10_14_0) AppleWebKit/537.36 (KHTML, like Gecko) Chrome/72.0.3626.119 Safari/537.36"
[2019-03-03T18:24:38.135] [WARN] http - ::1 - - "GET /assets/images/company-logo/logo.png HTTP/1.1" 304 - "http://localhost:8888/" "Mozilla/5.0 (Macintosh; Intel Mac OS X 10_14_0) AppleWebKit/537.36 (KHTML, like Gecko) Chrome/72.0.3626.119 Safari/537.36"
[2019-03-03T18:24:46.175] [INFO] http - ::1 - - "POST /login/v1 HTTP/1.1" 200 501 "http://localhost:8888/" "Mozilla/5.0 (Macintosh; Intel Mac OS X 10_14_0) AppleWebKit/537.36 (KHTML, like Gecko) Chrome/72.0.3626.119 Safari/537.36"
[2019-03-03T18:37:02.927] [WARN] http - ::1 - - "GET / HTTP/1.1" 304 - "http://localhost:8888/" "Mozilla/5.0 (Macintosh; Intel Mac OS X 10_14_0) AppleWebKit/537.36 (KHTML, like Gecko) Chrome/72.0.3626.119 Safari/537.36"
[2019-03-03T18:37:02.989] [WARN] http - ::1 - - "GET /inline.bundle.js HTTP/1.1" 304 - "http://localhost:8888/" "Mozilla/5.0 (Macintosh; Intel Mac OS X 10_14_0) AppleWebKit/537.36 (KHTML, like Gecko) Chrome/72.0.3626.119 Safari/537.36"
[2019-03-03T18:37:02.991] [WARN] http - ::1 - - "GET /polyfills.bundle.js HTTP/1.1" 304 - "http://localhost:8888/" "Mozilla/5.0 (Macintosh; Intel Mac OS X 10_14_0) AppleWebKit/537.36 (KHTML, like Gecko) Chrome/72.0.3626.119 Safari/537.36"
[2019-03-03T18:37:02.992] [WARN] http - ::1 - - "GET /main.bundle.js HTTP/1.1" 304 - "http://localhost:8888/" "Mozilla/5.0 (Macintosh; Intel Mac OS X 10_14_0) AppleWebKit/537.36 (KHTML, like Gecko) Chrome/72.0.3626.119 Safari/537.36"
[2019-03-03T18:37:02.993] [WARN] http - ::1 - - "GET /styles.bundle.js HTTP/1.1" 304 - "http://localhost:8888/" "Mozilla/5.0 (Macintosh; Intel Mac OS X 10_14_0) AppleWebKit/537.36 (KHTML, like Gecko) Chrome/72.0.3626.119 Safari/537.36"
[2019-03-03T18:37:02.994] [WARN] http - ::1 - - "GET /vendor.bundle.js HTTP/1.1" 304 - "http://localhost:8888/" "Mozilla/5.0 (Macintosh; Intel Mac OS X 10_14_0) AppleWebKit/537.36 (KHTML, like Gecko) Chrome/72.0.3626.119 Safari/537.36"
[2019-03-03T18:37:03.499] [WARN] http - ::1 - - "GET /inline.bundle.js.map HTTP/1.1" 304 - "" "Mozilla/5.0 (Macintosh; Intel Mac OS X 10_14_0) AppleWebKit/537.36 (KHTML, like Gecko) Chrome/72.0.3626.119 Safari/537.36"
[2019-03-03T18:37:03.502] [WARN] http - ::1 - - "GET /polyfills.bundle.js.map HTTP/1.1" 304 - "" "Mozilla/5.0 (Macintosh; Intel Mac OS X 10_14_0) AppleWebKit/537.36 (KHTML, like Gecko) Chrome/72.0.3626.119 Safari/537.36"
[2019-03-03T18:37:03.503] [WARN] http - ::1 - - "GET /styles.bundle.js.map HTTP/1.1" 304 - "" "Mozilla/5.0 (Macintosh; Intel Mac OS X 10_14_0) AppleWebKit/537.36 (KHTML, like Gecko) Chrome/72.0.3626.119 Safari/537.36"
[2019-03-03T18:37:03.504] [WARN] http - ::1 - - "GET /vendor.bundle.js.map HTTP/1.1" 304 - "" "Mozilla/5.0 (Macintosh; Intel Mac OS X 10_14_0) AppleWebKit/537.36 (KHTML, like Gecko) Chrome/72.0.3626.119 Safari/537.36"
[2019-03-03T18:37:03.507] [WARN] http - ::1 - - "GET /main.bundle.js.map HTTP/1.1" 304 - "" "Mozilla/5.0 (Macintosh; Intel Mac OS X 10_14_0) AppleWebKit/537.36 (KHTML, like Gecko) Chrome/72.0.3626.119 Safari/537.36"
[2019-03-03T18:37:03.522] [WARN] http - ::1 - - "GET /api/config HTTP/1.1" 304 - "http://localhost:8888/" "Mozilla/5.0 (Macintosh; Intel Mac OS X 10_14_0) AppleWebKit/537.36 (KHTML, like Gecko) Chrome/72.0.3626.119 Safari/537.36"
[2019-03-03T18:37:03.529] [WARN] http - ::1 - - "GET /getrouteconfigs/login HTTP/1.1" 304 - "http://localhost:8888/" "Mozilla/5.0 (Macintosh; Intel Mac OS X 10_14_0) AppleWebKit/537.36 (KHTML, like Gecko) Chrome/72.0.3626.119 Safari/537.36"
[2019-03-03T18:37:03.728] [WARN] http - ::1 - - "GET /india/cities HTTP/1.1" 304 - "http://localhost:8888/" "Mozilla/5.0 (Macintosh; Intel Mac OS X 10_14_0) AppleWebKit/537.36 (KHTML, like Gecko) Chrome/72.0.3626.119 Safari/537.36"
[2019-03-03T18:37:03.767] [WARN] http - ::1 - - "GET /assets/images/company-logo/logo.png HTTP/1.1" 304 - "http://localhost:8888/" "Mozilla/5.0 (Macintosh; Intel Mac OS X 10_14_0) AppleWebKit/537.36 (KHTML, like Gecko) Chrome/72.0.3626.119 Safari/537.36"
[2019-03-03T18:37:03.892] [WARN] http - ::1 - - "GET /assets/images/company-logo/logo.png HTTP/1.1" 304 - "http://localhost:8888/" "Mozilla/5.0 (Macintosh; Intel Mac OS X 10_14_0) AppleWebKit/537.36 (KHTML, like Gecko) Chrome/72.0.3626.119 Safari/537.36"
[2019-03-03T18:37:10.930] [INFO] http - ::1 - - "POST /login/v1 HTTP/1.1" 200 501 "http://localhost:8888/" "Mozilla/5.0 (Macintosh; Intel Mac OS X 10_14_0) AppleWebKit/537.36 (KHTML, like Gecko) Chrome/72.0.3626.119 Safari/537.36"
[2019-03-03T18:39:56.457] [WARN] http - ::1 - - "GET / HTTP/1.1" 304 - "http://localhost:8888/" "Mozilla/5.0 (Macintosh; Intel Mac OS X 10_14_0) AppleWebKit/537.36 (KHTML, like Gecko) Chrome/72.0.3626.119 Safari/537.36"
[2019-03-03T18:39:56.503] [WARN] http - ::1 - - "GET /inline.bundle.js HTTP/1.1" 304 - "http://localhost:8888/" "Mozilla/5.0 (Macintosh; Intel Mac OS X 10_14_0) AppleWebKit/537.36 (KHTML, like Gecko) Chrome/72.0.3626.119 Safari/537.36"
[2019-03-03T18:39:56.503] [WARN] http - ::1 - - "GET /polyfills.bundle.js HTTP/1.1" 304 - "http://localhost:8888/" "Mozilla/5.0 (Macintosh; Intel Mac OS X 10_14_0) AppleWebKit/537.36 (KHTML, like Gecko) Chrome/72.0.3626.119 Safari/537.36"
[2019-03-03T18:39:56.504] [WARN] http - ::1 - - "GET /styles.bundle.js HTTP/1.1" 304 - "http://localhost:8888/" "Mozilla/5.0 (Macintosh; Intel Mac OS X 10_14_0) AppleWebKit/537.36 (KHTML, like Gecko) Chrome/72.0.3626.119 Safari/537.36"
[2019-03-03T18:39:56.515] [WARN] http - ::1 - - "GET /vendor.bundle.js HTTP/1.1" 304 - "http://localhost:8888/" "Mozilla/5.0 (Macintosh; Intel Mac OS X 10_14_0) AppleWebKit/537.36 (KHTML, like Gecko) Chrome/72.0.3626.119 Safari/537.36"
[2019-03-03T18:39:56.515] [WARN] http - ::1 - - "GET /main.bundle.js HTTP/1.1" 304 - "http://localhost:8888/" "Mozilla/5.0 (Macintosh; Intel Mac OS X 10_14_0) AppleWebKit/537.36 (KHTML, like Gecko) Chrome/72.0.3626.119 Safari/537.36"
[2019-03-03T18:39:56.562] [WARN] http - ::1 - - "GET /inline.bundle.js.map HTTP/1.1" 304 - "" "Mozilla/5.0 (Macintosh; Intel Mac OS X 10_14_0) AppleWebKit/537.36 (KHTML, like Gecko) Chrome/72.0.3626.119 Safari/537.36"
[2019-03-03T18:39:56.622] [WARN] http - ::1 - - "GET /polyfills.bundle.js.map HTTP/1.1" 304 - "" "Mozilla/5.0 (Macintosh; Intel Mac OS X 10_14_0) AppleWebKit/537.36 (KHTML, like Gecko) Chrome/72.0.3626.119 Safari/537.36"
[2019-03-03T18:39:57.023] [WARN] http - ::1 - - "GET /styles.bundle.js.map HTTP/1.1" 304 - "" "Mozilla/5.0 (Macintosh; Intel Mac OS X 10_14_0) AppleWebKit/537.36 (KHTML, like Gecko) Chrome/72.0.3626.119 Safari/537.36"
[2019-03-03T18:39:57.028] [WARN] http - ::1 - - "GET /vendor.bundle.js.map HTTP/1.1" 304 - "" "Mozilla/5.0 (Macintosh; Intel Mac OS X 10_14_0) AppleWebKit/537.36 (KHTML, like Gecko) Chrome/72.0.3626.119 Safari/537.36"
[2019-03-03T18:39:57.029] [WARN] http - ::1 - - "GET /main.bundle.js.map HTTP/1.1" 304 - "" "Mozilla/5.0 (Macintosh; Intel Mac OS X 10_14_0) AppleWebKit/537.36 (KHTML, like Gecko) Chrome/72.0.3626.119 Safari/537.36"
[2019-03-03T18:39:57.033] [WARN] http - ::1 - - "GET /api/config HTTP/1.1" 304 - "http://localhost:8888/" "Mozilla/5.0 (Macintosh; Intel Mac OS X 10_14_0) AppleWebKit/537.36 (KHTML, like Gecko) Chrome/72.0.3626.119 Safari/537.36"
[2019-03-03T18:39:57.042] [WARN] http - ::1 - - "GET /getrouteconfigs/login HTTP/1.1" 304 - "http://localhost:8888/" "Mozilla/5.0 (Macintosh; Intel Mac OS X 10_14_0) AppleWebKit/537.36 (KHTML, like Gecko) Chrome/72.0.3626.119 Safari/537.36"
[2019-03-03T18:39:57.303] [WARN] http - ::1 - - "GET /india/cities HTTP/1.1" 304 - "http://localhost:8888/" "Mozilla/5.0 (Macintosh; Intel Mac OS X 10_14_0) AppleWebKit/537.36 (KHTML, like Gecko) Chrome/72.0.3626.119 Safari/537.36"
[2019-03-03T18:39:57.323] [WARN] http - ::1 - - "GET /assets/images/company-logo/logo.png HTTP/1.1" 304 - "http://localhost:8888/" "Mozilla/5.0 (Macintosh; Intel Mac OS X 10_14_0) AppleWebKit/537.36 (KHTML, like Gecko) Chrome/72.0.3626.119 Safari/537.36"
[2019-03-03T18:39:57.350] [WARN] http - ::1 - - "GET /assets/images/company-logo/logo.png HTTP/1.1" 304 - "http://localhost:8888/" "Mozilla/5.0 (Macintosh; Intel Mac OS X 10_14_0) AppleWebKit/537.36 (KHTML, like Gecko) Chrome/72.0.3626.119 Safari/537.36"
[2019-03-03T18:40:05.358] [INFO] http - ::1 - - "POST /login/v1 HTTP/1.1" 200 501 "http://localhost:8888/" "Mozilla/5.0 (Macintosh; Intel Mac OS X 10_14_0) AppleWebKit/537.36 (KHTML, like Gecko) Chrome/72.0.3626.119 Safari/537.36"
[2019-03-03T18:40:20.904] [WARN] http - ::1 - - "GET / HTTP/1.1" 304 - "http://localhost:8888/" "Mozilla/5.0 (Macintosh; Intel Mac OS X 10_14_0) AppleWebKit/537.36 (KHTML, like Gecko) Chrome/72.0.3626.119 Safari/537.36"
[2019-03-03T18:40:20.944] [WARN] http - ::1 - - "GET /inline.bundle.js HTTP/1.1" 304 - "http://localhost:8888/" "Mozilla/5.0 (Macintosh; Intel Mac OS X 10_14_0) AppleWebKit/537.36 (KHTML, like Gecko) Chrome/72.0.3626.119 Safari/537.36"
[2019-03-03T18:40:20.945] [WARN] http - ::1 - - "GET /polyfills.bundle.js HTTP/1.1" 304 - "http://localhost:8888/" "Mozilla/5.0 (Macintosh; Intel Mac OS X 10_14_0) AppleWebKit/537.36 (KHTML, like Gecko) Chrome/72.0.3626.119 Safari/537.36"
[2019-03-03T18:40:20.946] [WARN] http - ::1 - - "GET /styles.bundle.js HTTP/1.1" 304 - "http://localhost:8888/" "Mozilla/5.0 (Macintosh; Intel Mac OS X 10_14_0) AppleWebKit/537.36 (KHTML, like Gecko) Chrome/72.0.3626.119 Safari/537.36"
[2019-03-03T18:40:20.946] [WARN] http - ::1 - - "GET /vendor.bundle.js HTTP/1.1" 304 - "http://localhost:8888/" "Mozilla/5.0 (Macintosh; Intel Mac OS X 10_14_0) AppleWebKit/537.36 (KHTML, like Gecko) Chrome/72.0.3626.119 Safari/537.36"
[2019-03-03T18:40:20.947] [WARN] http - ::1 - - "GET /main.bundle.js HTTP/1.1" 304 - "http://localhost:8888/" "Mozilla/5.0 (Macintosh; Intel Mac OS X 10_14_0) AppleWebKit/537.36 (KHTML, like Gecko) Chrome/72.0.3626.119 Safari/537.36"
[2019-03-03T18:40:21.449] [WARN] http - ::1 - - "GET /inline.bundle.js.map HTTP/1.1" 304 - "" "Mozilla/5.0 (Macintosh; Intel Mac OS X 10_14_0) AppleWebKit/537.36 (KHTML, like Gecko) Chrome/72.0.3626.119 Safari/537.36"
[2019-03-03T18:40:21.449] [WARN] http - ::1 - - "GET /polyfills.bundle.js.map HTTP/1.1" 304 - "" "Mozilla/5.0 (Macintosh; Intel Mac OS X 10_14_0) AppleWebKit/537.36 (KHTML, like Gecko) Chrome/72.0.3626.119 Safari/537.36"
[2019-03-03T18:40:21.450] [WARN] http - ::1 - - "GET /styles.bundle.js.map HTTP/1.1" 304 - "" "Mozilla/5.0 (Macintosh; Intel Mac OS X 10_14_0) AppleWebKit/537.36 (KHTML, like Gecko) Chrome/72.0.3626.119 Safari/537.36"
[2019-03-03T18:40:21.453] [WARN] http - ::1 - - "GET /vendor.bundle.js.map HTTP/1.1" 304 - "" "Mozilla/5.0 (Macintosh; Intel Mac OS X 10_14_0) AppleWebKit/537.36 (KHTML, like Gecko) Chrome/72.0.3626.119 Safari/537.36"
[2019-03-03T18:40:21.454] [WARN] http - ::1 - - "GET /main.bundle.js.map HTTP/1.1" 304 - "" "Mozilla/5.0 (Macintosh; Intel Mac OS X 10_14_0) AppleWebKit/537.36 (KHTML, like Gecko) Chrome/72.0.3626.119 Safari/537.36"
[2019-03-03T18:40:21.466] [WARN] http - ::1 - - "GET /api/config HTTP/1.1" 304 - "http://localhost:8888/" "Mozilla/5.0 (Macintosh; Intel Mac OS X 10_14_0) AppleWebKit/537.36 (KHTML, like Gecko) Chrome/72.0.3626.119 Safari/537.36"
[2019-03-03T18:40:21.470] [WARN] http - ::1 - - "GET /getrouteconfigs/login HTTP/1.1" 304 - "http://localhost:8888/" "Mozilla/5.0 (Macintosh; Intel Mac OS X 10_14_0) AppleWebKit/537.36 (KHTML, like Gecko) Chrome/72.0.3626.119 Safari/537.36"
[2019-03-03T18:40:21.765] [WARN] http - ::1 - - "GET /india/cities HTTP/1.1" 304 - "http://localhost:8888/" "Mozilla/5.0 (Macintosh; Intel Mac OS X 10_14_0) AppleWebKit/537.36 (KHTML, like Gecko) Chrome/72.0.3626.119 Safari/537.36"
[2019-03-03T18:40:21.768] [WARN] http - ::1 - - "GET /assets/images/company-logo/logo.png HTTP/1.1" 304 - "http://localhost:8888/" "Mozilla/5.0 (Macintosh; Intel Mac OS X 10_14_0) AppleWebKit/537.36 (KHTML, like Gecko) Chrome/72.0.3626.119 Safari/537.36"
[2019-03-03T18:40:21.851] [WARN] http - ::1 - - "GET /assets/images/company-logo/logo.png HTTP/1.1" 304 - "http://localhost:8888/" "Mozilla/5.0 (Macintosh; Intel Mac OS X 10_14_0) AppleWebKit/537.36 (KHTML, like Gecko) Chrome/72.0.3626.119 Safari/537.36"
[2019-03-03T18:40:30.021] [INFO] http - ::1 - - "POST /login/v1 HTTP/1.1" 200 410 "http://localhost:8888/" "Mozilla/5.0 (Macintosh; Intel Mac OS X 10_14_0) AppleWebKit/537.36 (KHTML, like Gecko) Chrome/72.0.3626.119 Safari/537.36"
[2019-03-03T19:32:46.187] [WARN] http - ::1 - - "GET / HTTP/1.1" 304 - "http://localhost:8888/" "Mozilla/5.0 (Macintosh; Intel Mac OS X 10_14_0) AppleWebKit/537.36 (KHTML, like Gecko) Chrome/72.0.3626.119 Safari/537.36"
[2019-03-03T19:32:46.376] [WARN] http - ::1 - - "GET /inline.bundle.js HTTP/1.1" 304 - "http://localhost:8888/" "Mozilla/5.0 (Macintosh; Intel Mac OS X 10_14_0) AppleWebKit/537.36 (KHTML, like Gecko) Chrome/72.0.3626.119 Safari/537.36"
[2019-03-03T19:32:46.400] [WARN] http - ::1 - - "GET /polyfills.bundle.js HTTP/1.1" 304 - "http://localhost:8888/" "Mozilla/5.0 (Macintosh; Intel Mac OS X 10_14_0) AppleWebKit/537.36 (KHTML, like Gecko) Chrome/72.0.3626.119 Safari/537.36"
[2019-03-03T19:32:46.409] [WARN] http - ::1 - - "GET /styles.bundle.js HTTP/1.1" 304 - "http://localhost:8888/" "Mozilla/5.0 (Macintosh; Intel Mac OS X 10_14_0) AppleWebKit/537.36 (KHTML, like Gecko) Chrome/72.0.3626.119 Safari/537.36"
[2019-03-03T19:32:46.468] [WARN] http - ::1 - - "GET /vendor.bundle.js HTTP/1.1" 304 - "http://localhost:8888/" "Mozilla/5.0 (Macintosh; Intel Mac OS X 10_14_0) AppleWebKit/537.36 (KHTML, like Gecko) Chrome/72.0.3626.119 Safari/537.36"
[2019-03-03T19:32:46.479] [WARN] http - ::1 - - "GET /main.bundle.js HTTP/1.1" 304 - "http://localhost:8888/" "Mozilla/5.0 (Macintosh; Intel Mac OS X 10_14_0) AppleWebKit/537.36 (KHTML, like Gecko) Chrome/72.0.3626.119 Safari/537.36"
[2019-03-03T19:32:47.125] [WARN] http - ::1 - - "GET /inline.bundle.js.map HTTP/1.1" 304 - "" "Mozilla/5.0 (Macintosh; Intel Mac OS X 10_14_0) AppleWebKit/537.36 (KHTML, like Gecko) Chrome/72.0.3626.119 Safari/537.36"
[2019-03-03T19:32:47.612] [WARN] http - ::1 - - "GET /polyfills.bundle.js.map HTTP/1.1" 304 - "" "Mozilla/5.0 (Macintosh; Intel Mac OS X 10_14_0) AppleWebKit/537.36 (KHTML, like Gecko) Chrome/72.0.3626.119 Safari/537.36"
[2019-03-03T19:32:47.668] [WARN] http - ::1 - - "GET /styles.bundle.js.map HTTP/1.1" 304 - "" "Mozilla/5.0 (Macintosh; Intel Mac OS X 10_14_0) AppleWebKit/537.36 (KHTML, like Gecko) Chrome/72.0.3626.119 Safari/537.36"
[2019-03-03T19:32:49.732] [WARN] http - ::1 - - "GET /vendor.bundle.js.map HTTP/1.1" 304 - "" "Mozilla/5.0 (Macintosh; Intel Mac OS X 10_14_0) AppleWebKit/537.36 (KHTML, like Gecko) Chrome/72.0.3626.119 Safari/537.36"
[2019-03-03T19:32:53.289] [WARN] http - ::1 - - "GET /api/config HTTP/1.1" 304 - "http://localhost:8888/" "Mozilla/5.0 (Macintosh; Intel Mac OS X 10_14_0) AppleWebKit/537.36 (KHTML, like Gecko) Chrome/72.0.3626.119 Safari/537.36"
[2019-03-03T19:32:53.300] [WARN] http - ::1 - - "GET /getrouteconfigs/login HTTP/1.1" 304 - "http://localhost:8888/" "Mozilla/5.0 (Macintosh; Intel Mac OS X 10_14_0) AppleWebKit/537.36 (KHTML, like Gecko) Chrome/72.0.3626.119 Safari/537.36"
[2019-03-03T19:32:53.306] [WARN] http - ::1 - - "GET /main.bundle.js.map HTTP/1.1" 304 - "" "Mozilla/5.0 (Macintosh; Intel Mac OS X 10_14_0) AppleWebKit/537.36 (KHTML, like Gecko) Chrome/72.0.3626.119 Safari/537.36"
[2019-03-03T19:32:53.792] [WARN] http - ::1 - - "GET /assets/images/company-logo/logo.png HTTP/1.1" 304 - "http://localhost:8888/" "Mozilla/5.0 (Macintosh; Intel Mac OS X 10_14_0) AppleWebKit/537.36 (KHTML, like Gecko) Chrome/72.0.3626.119 Safari/537.36"
[2019-03-03T19:32:54.674] [INFO] http - ::1 - - "GET /assets/images/company-logo/logo.png HTTP/1.1" 200 46931 "http://localhost:8888/" "Mozilla/5.0 (Macintosh; Intel Mac OS X 10_14_0) AppleWebKit/537.36 (KHTML, like Gecko) Chrome/72.0.3626.119 Safari/537.36"
[2019-03-03T19:33:01.495] [INFO] http - ::1 - - "GET /list/ideas/v1?page=1&id=undefined HTTP/1.1" 200 66 "http://localhost:8888/" "Mozilla/5.0 (Macintosh; Intel Mac OS X 10_14_0) AppleWebKit/537.36 (KHTML, like Gecko) Chrome/72.0.3626.119 Safari/537.36"
[2019-03-03T19:37:24.802] [WARN] http - ::1 - - "GET / HTTP/1.1" 304 - "http://localhost:8888/" "Mozilla/5.0 (Macintosh; Intel Mac OS X 10_14_0) AppleWebKit/537.36 (KHTML, like Gecko) Chrome/72.0.3626.119 Safari/537.36"
[2019-03-03T19:37:25.426] [INFO] http - ::1 - - "GET /inline.bundle.js HTTP/1.1" 200 3887 "http://localhost:8888/" "Mozilla/5.0 (Macintosh; Intel Mac OS X 10_14_0) AppleWebKit/537.36 (KHTML, like Gecko) Chrome/72.0.3626.119 Safari/537.36"
[2019-03-03T19:37:25.633] [INFO] http - ::1 - - "GET /styles.bundle.js HTTP/1.1" 200 16453 "http://localhost:8888/" "Mozilla/5.0 (Macintosh; Intel Mac OS X 10_14_0) AppleWebKit/537.36 (KHTML, like Gecko) Chrome/72.0.3626.119 Safari/537.36"
[2019-03-03T19:37:25.641] [INFO] http - ::1 - - "GET /polyfills.bundle.js HTTP/1.1" 200 217856 "http://localhost:8888/" "Mozilla/5.0 (Macintosh; Intel Mac OS X 10_14_0) AppleWebKit/537.36 (KHTML, like Gecko) Chrome/72.0.3626.119 Safari/537.36"
[2019-03-03T19:37:25.664] [INFO] http - ::1 - - "GET /main.bundle.js HTTP/1.1" 200 87894 "http://localhost:8888/" "Mozilla/5.0 (Macintosh; Intel Mac OS X 10_14_0) AppleWebKit/537.36 (KHTML, like Gecko) Chrome/72.0.3626.119 Safari/537.36"
[2019-03-03T19:37:27.273] [INFO] http - ::1 - - "GET /inline.bundle.js.map HTTP/1.1" 200 3952 "" "Mozilla/5.0 (Macintosh; Intel Mac OS X 10_14_0) AppleWebKit/537.36 (KHTML, like Gecko) Chrome/72.0.3626.119 Safari/537.36"
[2019-03-03T19:37:27.279] [INFO] http - ::1 - - "GET /polyfills.bundle.js.map HTTP/1.1" 200 255885 "" "Mozilla/5.0 (Macintosh; Intel Mac OS X 10_14_0) AppleWebKit/537.36 (KHTML, like Gecko) Chrome/72.0.3626.119 Safari/537.36"
[2019-03-03T19:37:27.658] [INFO] http - ::1 - - "GET /styles.bundle.js.map HTTP/1.1" 200 21171 "" "Mozilla/5.0 (Macintosh; Intel Mac OS X 10_14_0) AppleWebKit/537.36 (KHTML, like Gecko) Chrome/72.0.3626.119 Safari/537.36"
[2019-03-03T19:37:27.830] [INFO] http - ::1 - - "GET /vendor.bundle.js HTTP/1.1" 200 4221368 "http://localhost:8888/" "Mozilla/5.0 (Macintosh; Intel Mac OS X 10_14_0) AppleWebKit/537.36 (KHTML, like Gecko) Chrome/72.0.3626.119 Safari/537.36"
[2019-03-03T19:37:32.842] [WARN] http - ::1 - - "GET /api/config HTTP/1.1" 304 - "http://localhost:8888/" "Mozilla/5.0 (Macintosh; Intel Mac OS X 10_14_0) AppleWebKit/537.36 (KHTML, like Gecko) Chrome/72.0.3626.119 Safari/537.36"
[2019-03-03T19:37:32.866] [WARN] http - ::1 - - "GET /getrouteconfigs/login HTTP/1.1" 304 - "http://localhost:8888/" "Mozilla/5.0 (Macintosh; Intel Mac OS X 10_14_0) AppleWebKit/537.36 (KHTML, like Gecko) Chrome/72.0.3626.119 Safari/537.36"
[2019-03-03T19:37:32.921] [INFO] http - ::1 - - "GET /main.bundle.js.map HTTP/1.1" 200 97141 "" "Mozilla/5.0 (Macintosh; Intel Mac OS X 10_14_0) AppleWebKit/537.36 (KHTML, like Gecko) Chrome/72.0.3626.119 Safari/537.36"
[2019-03-03T19:37:33.838] [INFO] http - ::1 - - "GET /vendor.bundle.js.map HTTP/1.1" 200 4923629 "" "Mozilla/5.0 (Macintosh; Intel Mac OS X 10_14_0) AppleWebKit/537.36 (KHTML, like Gecko) Chrome/72.0.3626.119 Safari/537.36"
[2019-03-03T19:37:33.979] [WARN] http - ::1 - - "GET /list/ideas/v1?page=1&id=undefined HTTP/1.1" 304 - "http://localhost:8888/" "Mozilla/5.0 (Macintosh; Intel Mac OS X 10_14_0) AppleWebKit/537.36 (KHTML, like Gecko) Chrome/72.0.3626.119 Safari/537.36"
[2019-03-03T19:37:34.417] [INFO] http - ::1 - - "GET /assets/images/company-logo/logo.png HTTP/1.1" 200 46931 "http://localhost:8888/" "Mozilla/5.0 (Macintosh; Intel Mac OS X 10_14_0) AppleWebKit/537.36 (KHTML, like Gecko) Chrome/72.0.3626.119 Safari/537.36"
[2019-03-03T19:37:34.771] [INFO] http - ::1 - - "GET /assets/images/company-logo/logo.png HTTP/1.1" 200 46931 "http://localhost:8888/" "Mozilla/5.0 (Macintosh; Intel Mac OS X 10_14_0) AppleWebKit/537.36 (KHTML, like Gecko) Chrome/72.0.3626.119 Safari/537.36"
[2019-03-03T19:42:06.335] [WARN] http - ::1 - - "GET / HTTP/1.1" 304 - "http://localhost:8888/" "Mozilla/5.0 (Macintosh; Intel Mac OS X 10_14_0) AppleWebKit/537.36 (KHTML, like Gecko) Chrome/72.0.3626.119 Safari/537.36"
[2019-03-03T19:42:06.421] [WARN] http - ::1 - - "GET /polyfills.bundle.js HTTP/1.1" 304 - "http://localhost:8888/" "Mozilla/5.0 (Macintosh; Intel Mac OS X 10_14_0) AppleWebKit/537.36 (KHTML, like Gecko) Chrome/72.0.3626.119 Safari/537.36"
[2019-03-03T19:42:06.422] [WARN] http - ::1 - - "GET /inline.bundle.js HTTP/1.1" 304 - "http://localhost:8888/" "Mozilla/5.0 (Macintosh; Intel Mac OS X 10_14_0) AppleWebKit/537.36 (KHTML, like Gecko) Chrome/72.0.3626.119 Safari/537.36"
[2019-03-03T19:42:06.425] [WARN] http - ::1 - - "GET /styles.bundle.js HTTP/1.1" 304 - "http://localhost:8888/" "Mozilla/5.0 (Macintosh; Intel Mac OS X 10_14_0) AppleWebKit/537.36 (KHTML, like Gecko) Chrome/72.0.3626.119 Safari/537.36"
[2019-03-03T19:42:06.428] [WARN] http - ::1 - - "GET /vendor.bundle.js HTTP/1.1" 304 - "http://localhost:8888/" "Mozilla/5.0 (Macintosh; Intel Mac OS X 10_14_0) AppleWebKit/537.36 (KHTML, like Gecko) Chrome/72.0.3626.119 Safari/537.36"
[2019-03-03T19:42:06.433] [WARN] http - ::1 - - "GET /main.bundle.js HTTP/1.1" 304 - "http://localhost:8888/" "Mozilla/5.0 (Macintosh; Intel Mac OS X 10_14_0) AppleWebKit/537.36 (KHTML, like Gecko) Chrome/72.0.3626.119 Safari/537.36"
[2019-03-03T19:42:07.234] [WARN] http - ::1 - - "GET /api/config HTTP/1.1" 304 - "http://localhost:8888/" "Mozilla/5.0 (Macintosh; Intel Mac OS X 10_14_0) AppleWebKit/537.36 (KHTML, like Gecko) Chrome/72.0.3626.119 Safari/537.36"
[2019-03-03T19:42:07.237] [WARN] http - ::1 - - "GET /getrouteconfigs/login HTTP/1.1" 304 - "http://localhost:8888/" "Mozilla/5.0 (Macintosh; Intel Mac OS X 10_14_0) AppleWebKit/537.36 (KHTML, like Gecko) Chrome/72.0.3626.119 Safari/537.36"
[2019-03-03T19:42:07.251] [WARN] http - ::1 - - "GET /inline.bundle.js.map HTTP/1.1" 304 - "" "Mozilla/5.0 (Macintosh; Intel Mac OS X 10_14_0) AppleWebKit/537.36 (KHTML, like Gecko) Chrome/72.0.3626.119 Safari/537.36"
[2019-03-03T19:42:07.252] [WARN] http - ::1 - - "GET /polyfills.bundle.js.map HTTP/1.1" 304 - "" "Mozilla/5.0 (Macintosh; Intel Mac OS X 10_14_0) AppleWebKit/537.36 (KHTML, like Gecko) Chrome/72.0.3626.119 Safari/537.36"
[2019-03-03T19:42:07.253] [WARN] http - ::1 - - "GET /styles.bundle.js.map HTTP/1.1" 304 - "" "Mozilla/5.0 (Macintosh; Intel Mac OS X 10_14_0) AppleWebKit/537.36 (KHTML, like Gecko) Chrome/72.0.3626.119 Safari/537.36"
[2019-03-03T19:42:07.259] [WARN] http - ::1 - - "GET /main.bundle.js.map HTTP/1.1" 304 - "" "Mozilla/5.0 (Macintosh; Intel Mac OS X 10_14_0) AppleWebKit/537.36 (KHTML, like Gecko) Chrome/72.0.3626.119 Safari/537.36"
[2019-03-03T19:42:07.260] [WARN] http - ::1 - - "GET /vendor.bundle.js.map HTTP/1.1" 304 - "" "Mozilla/5.0 (Macintosh; Intel Mac OS X 10_14_0) AppleWebKit/537.36 (KHTML, like Gecko) Chrome/72.0.3626.119 Safari/537.36"
[2019-03-03T19:42:07.482] [INFO] http - ::1 - - "GET /list/ideas/v1?page=1&id=undefined HTTP/1.1" 200 66 "http://localhost:8888/" "Mozilla/5.0 (Macintosh; Intel Mac OS X 10_14_0) AppleWebKit/537.36 (KHTML, like Gecko) Chrome/72.0.3626.119 Safari/537.36"
[2019-03-03T19:42:07.495] [WARN] http - ::1 - - "GET /assets/images/company-logo/logo.png HTTP/1.1" 304 - "http://localhost:8888/" "Mozilla/5.0 (Macintosh; Intel Mac OS X 10_14_0) AppleWebKit/537.36 (KHTML, like Gecko) Chrome/72.0.3626.119 Safari/537.36"
[2019-03-03T19:42:07.637] [INFO] http - ::1 - - "GET /assets/images/company-logo/logo.png HTTP/1.1" 200 46931 "http://localhost:8888/" "Mozilla/5.0 (Macintosh; Intel Mac OS X 10_14_0) AppleWebKit/537.36 (KHTML, like Gecko) Chrome/72.0.3626.119 Safari/537.36"
[2019-03-03T19:44:00.577] [WARN] http - ::1 - - "GET / HTTP/1.1" 304 - "http://localhost:8888/" "Mozilla/5.0 (Macintosh; Intel Mac OS X 10_14_0) AppleWebKit/537.36 (KHTML, like Gecko) Chrome/72.0.3626.119 Safari/537.36"
[2019-03-03T19:44:00.653] [WARN] http - ::1 - - "GET /inline.bundle.js HTTP/1.1" 304 - "http://localhost:8888/" "Mozilla/5.0 (Macintosh; Intel Mac OS X 10_14_0) AppleWebKit/537.36 (KHTML, like Gecko) Chrome/72.0.3626.119 Safari/537.36"
[2019-03-03T19:44:00.654] [WARN] http - ::1 - - "GET /vendor.bundle.js HTTP/1.1" 304 - "http://localhost:8888/" "Mozilla/5.0 (Macintosh; Intel Mac OS X 10_14_0) AppleWebKit/537.36 (KHTML, like Gecko) Chrome/72.0.3626.119 Safari/537.36"
[2019-03-03T19:44:00.655] [WARN] http - ::1 - - "GET /styles.bundle.js HTTP/1.1" 304 - "http://localhost:8888/" "Mozilla/5.0 (Macintosh; Intel Mac OS X 10_14_0) AppleWebKit/537.36 (KHTML, like Gecko) Chrome/72.0.3626.119 Safari/537.36"
[2019-03-03T19:44:00.656] [WARN] http - ::1 - - "GET /main.bundle.js HTTP/1.1" 304 - "http://localhost:8888/" "Mozilla/5.0 (Macintosh; Intel Mac OS X 10_14_0) AppleWebKit/537.36 (KHTML, like Gecko) Chrome/72.0.3626.119 Safari/537.36"
[2019-03-03T19:44:00.657] [WARN] http - ::1 - - "GET /polyfills.bundle.js HTTP/1.1" 304 - "http://localhost:8888/" "Mozilla/5.0 (Macintosh; Intel Mac OS X 10_14_0) AppleWebKit/537.36 (KHTML, like Gecko) Chrome/72.0.3626.119 Safari/537.36"
[2019-03-03T19:44:01.218] [WARN] http - ::1 - - "GET /api/config HTTP/1.1" 304 - "http://localhost:8888/" "Mozilla/5.0 (Macintosh; Intel Mac OS X 10_14_0) AppleWebKit/537.36 (KHTML, like Gecko) Chrome/72.0.3626.119 Safari/537.36"
[2019-03-03T19:44:01.222] [WARN] http - ::1 - - "GET /getrouteconfigs/login HTTP/1.1" 304 - "http://localhost:8888/" "Mozilla/5.0 (Macintosh; Intel Mac OS X 10_14_0) AppleWebKit/537.36 (KHTML, like Gecko) Chrome/72.0.3626.119 Safari/537.36"
[2019-03-03T19:44:01.223] [WARN] http - ::1 - - "GET /styles.bundle.js.map HTTP/1.1" 304 - "" "Mozilla/5.0 (Macintosh; Intel Mac OS X 10_14_0) AppleWebKit/537.36 (KHTML, like Gecko) Chrome/72.0.3626.119 Safari/537.36"
[2019-03-03T19:44:01.226] [WARN] http - ::1 - - "GET /inline.bundle.js.map HTTP/1.1" 304 - "" "Mozilla/5.0 (Macintosh; Intel Mac OS X 10_14_0) AppleWebKit/537.36 (KHTML, like Gecko) Chrome/72.0.3626.119 Safari/537.36"
[2019-03-03T19:44:01.227] [WARN] http - ::1 - - "GET /polyfills.bundle.js.map HTTP/1.1" 304 - "" "Mozilla/5.0 (Macintosh; Intel Mac OS X 10_14_0) AppleWebKit/537.36 (KHTML, like Gecko) Chrome/72.0.3626.119 Safari/537.36"
[2019-03-03T19:44:01.235] [WARN] http - ::1 - - "GET /main.bundle.js.map HTTP/1.1" 304 - "" "Mozilla/5.0 (Macintosh; Intel Mac OS X 10_14_0) AppleWebKit/537.36 (KHTML, like Gecko) Chrome/72.0.3626.119 Safari/537.36"
[2019-03-03T19:44:01.235] [WARN] http - ::1 - - "GET /vendor.bundle.js.map HTTP/1.1" 304 - "" "Mozilla/5.0 (Macintosh; Intel Mac OS X 10_14_0) AppleWebKit/537.36 (KHTML, like Gecko) Chrome/72.0.3626.119 Safari/537.36"
[2019-03-03T19:44:01.589] [WARN] http - ::1 - - "GET /list/ideas/v1?page=1&id=undefined HTTP/1.1" 304 - "http://localhost:8888/" "Mozilla/5.0 (Macintosh; Intel Mac OS X 10_14_0) AppleWebKit/537.36 (KHTML, like Gecko) Chrome/72.0.3626.119 Safari/537.36"
[2019-03-03T19:44:01.622] [WARN] http - ::1 - - "GET /assets/images/company-logo/logo.png HTTP/1.1" 304 - "http://localhost:8888/" "Mozilla/5.0 (Macintosh; Intel Mac OS X 10_14_0) AppleWebKit/537.36 (KHTML, like Gecko) Chrome/72.0.3626.119 Safari/537.36"
[2019-03-03T19:44:01.708] [INFO] http - ::1 - - "GET /assets/images/company-logo/logo.png HTTP/1.1" 200 46931 "http://localhost:8888/" "Mozilla/5.0 (Macintosh; Intel Mac OS X 10_14_0) AppleWebKit/537.36 (KHTML, like Gecko) Chrome/72.0.3626.119 Safari/537.36"
[2019-03-03T19:45:27.938] [WARN] http - ::1 - - "GET / HTTP/1.1" 304 - "http://localhost:8888/" "Mozilla/5.0 (Macintosh; Intel Mac OS X 10_14_0) AppleWebKit/537.36 (KHTML, like Gecko) Chrome/72.0.3626.119 Safari/537.36"
[2019-03-03T19:45:28.019] [WARN] http - ::1 - - "GET /inline.bundle.js HTTP/1.1" 304 - "http://localhost:8888/" "Mozilla/5.0 (Macintosh; Intel Mac OS X 10_14_0) AppleWebKit/537.36 (KHTML, like Gecko) Chrome/72.0.3626.119 Safari/537.36"
[2019-03-03T19:45:28.023] [WARN] http - ::1 - - "GET /polyfills.bundle.js HTTP/1.1" 304 - "http://localhost:8888/" "Mozilla/5.0 (Macintosh; Intel Mac OS X 10_14_0) AppleWebKit/537.36 (KHTML, like Gecko) Chrome/72.0.3626.119 Safari/537.36"
[2019-03-03T19:45:28.028] [WARN] http - ::1 - - "GET /styles.bundle.js HTTP/1.1" 304 - "http://localhost:8888/" "Mozilla/5.0 (Macintosh; Intel Mac OS X 10_14_0) AppleWebKit/537.36 (KHTML, like Gecko) Chrome/72.0.3626.119 Safari/537.36"
[2019-03-03T19:45:28.033] [WARN] http - ::1 - - "GET /vendor.bundle.js HTTP/1.1" 304 - "http://localhost:8888/" "Mozilla/5.0 (Macintosh; Intel Mac OS X 10_14_0) AppleWebKit/537.36 (KHTML, like Gecko) Chrome/72.0.3626.119 Safari/537.36"
[2019-03-03T19:45:28.035] [WARN] http - ::1 - - "GET /main.bundle.js HTTP/1.1" 304 - "http://localhost:8888/" "Mozilla/5.0 (Macintosh; Intel Mac OS X 10_14_0) AppleWebKit/537.36 (KHTML, like Gecko) Chrome/72.0.3626.119 Safari/537.36"
[2019-03-03T19:45:28.100] [WARN] http - ::1 - - "GET /inline.bundle.js.map HTTP/1.1" 304 - "" "Mozilla/5.0 (Macintosh; Intel Mac OS X 10_14_0) AppleWebKit/537.36 (KHTML, like Gecko) Chrome/72.0.3626.119 Safari/537.36"
[2019-03-03T19:45:28.158] [WARN] http - ::1 - - "GET /polyfills.bundle.js.map HTTP/1.1" 304 - "" "Mozilla/5.0 (Macintosh; Intel Mac OS X 10_14_0) AppleWebKit/537.36 (KHTML, like Gecko) Chrome/72.0.3626.119 Safari/537.36"
[2019-03-03T19:45:28.160] [WARN] http - ::1 - - "GET /styles.bundle.js.map HTTP/1.1" 304 - "" "Mozilla/5.0 (Macintosh; Intel Mac OS X 10_14_0) AppleWebKit/537.36 (KHTML, like Gecko) Chrome/72.0.3626.119 Safari/537.36"
[2019-03-03T19:45:28.255] [WARN] http - ::1 - - "GET /vendor.bundle.js.map HTTP/1.1" 304 - "" "Mozilla/5.0 (Macintosh; Intel Mac OS X 10_14_0) AppleWebKit/537.36 (KHTML, like Gecko) Chrome/72.0.3626.119 Safari/537.36"
[2019-03-03T19:45:28.958] [WARN] http - ::1 - - "GET /getrouteconfigs/login HTTP/1.1" 304 - "http://localhost:8888/" "Mozilla/5.0 (Macintosh; Intel Mac OS X 10_14_0) AppleWebKit/537.36 (KHTML, like Gecko) Chrome/72.0.3626.119 Safari/537.36"
[2019-03-03T19:45:28.962] [WARN] http - ::1 - - "GET /api/config HTTP/1.1" 304 - "http://localhost:8888/" "Mozilla/5.0 (Macintosh; Intel Mac OS X 10_14_0) AppleWebKit/537.36 (KHTML, like Gecko) Chrome/72.0.3626.119 Safari/537.36"
[2019-03-03T19:45:29.011] [WARN] http - ::1 - - "GET /main.bundle.js.map HTTP/1.1" 304 - "" "Mozilla/5.0 (Macintosh; Intel Mac OS X 10_14_0) AppleWebKit/537.36 (KHTML, like Gecko) Chrome/72.0.3626.119 Safari/537.36"
[2019-03-03T19:45:29.127] [WARN] http - ::1 - - "GET /list/ideas/v1?page=1&id=undefined HTTP/1.1" 304 - "http://localhost:8888/" "Mozilla/5.0 (Macintosh; Intel Mac OS X 10_14_0) AppleWebKit/537.36 (KHTML, like Gecko) Chrome/72.0.3626.119 Safari/537.36"
[2019-03-03T19:45:29.141] [WARN] http - ::1 - - "GET /assets/images/company-logo/logo.png HTTP/1.1" 304 - "http://localhost:8888/" "Mozilla/5.0 (Macintosh; Intel Mac OS X 10_14_0) AppleWebKit/537.36 (KHTML, like Gecko) Chrome/72.0.3626.119 Safari/537.36"
[2019-03-03T19:45:29.293] [INFO] http - ::1 - - "GET /assets/images/company-logo/logo.png HTTP/1.1" 200 46931 "http://localhost:8888/" "Mozilla/5.0 (Macintosh; Intel Mac OS X 10_14_0) AppleWebKit/537.36 (KHTML, like Gecko) Chrome/72.0.3626.119 Safari/537.36"
[2019-03-03T19:46:28.474] [WARN] http - ::1 - - "GET / HTTP/1.1" 304 - "http://localhost:8888/" "Mozilla/5.0 (Macintosh; Intel Mac OS X 10_14_0) AppleWebKit/537.36 (KHTML, like Gecko) Chrome/72.0.3626.119 Safari/537.36"
[2019-03-03T19:46:28.535] [WARN] http - ::1 - - "GET /inline.bundle.js HTTP/1.1" 304 - "http://localhost:8888/" "Mozilla/5.0 (Macintosh; Intel Mac OS X 10_14_0) AppleWebKit/537.36 (KHTML, like Gecko) Chrome/72.0.3626.119 Safari/537.36"
[2019-03-03T19:46:28.536] [WARN] http - ::1 - - "GET /polyfills.bundle.js HTTP/1.1" 304 - "http://localhost:8888/" "Mozilla/5.0 (Macintosh; Intel Mac OS X 10_14_0) AppleWebKit/537.36 (KHTML, like Gecko) Chrome/72.0.3626.119 Safari/537.36"
[2019-03-03T19:46:28.537] [WARN] http - ::1 - - "GET /vendor.bundle.js HTTP/1.1" 304 - "http://localhost:8888/" "Mozilla/5.0 (Macintosh; Intel Mac OS X 10_14_0) AppleWebKit/537.36 (KHTML, like Gecko) Chrome/72.0.3626.119 Safari/537.36"
[2019-03-03T19:46:28.538] [WARN] http - ::1 - - "GET /styles.bundle.js HTTP/1.1" 304 - "http://localhost:8888/" "Mozilla/5.0 (Macintosh; Intel Mac OS X 10_14_0) AppleWebKit/537.36 (KHTML, like Gecko) Chrome/72.0.3626.119 Safari/537.36"
[2019-03-03T19:46:28.538] [WARN] http - ::1 - - "GET /main.bundle.js HTTP/1.1" 304 - "http://localhost:8888/" "Mozilla/5.0 (Macintosh; Intel Mac OS X 10_14_0) AppleWebKit/537.36 (KHTML, like Gecko) Chrome/72.0.3626.119 Safari/537.36"
[2019-03-03T19:46:28.613] [WARN] http - ::1 - - "GET /inline.bundle.js.map HTTP/1.1" 304 - "" "Mozilla/5.0 (Macintosh; Intel Mac OS X 10_14_0) AppleWebKit/537.36 (KHTML, like Gecko) Chrome/72.0.3626.119 Safari/537.36"
[2019-03-03T19:46:28.654] [WARN] http - ::1 - - "GET /polyfills.bundle.js.map HTTP/1.1" 304 - "" "Mozilla/5.0 (Macintosh; Intel Mac OS X 10_14_0) AppleWebKit/537.36 (KHTML, like Gecko) Chrome/72.0.3626.119 Safari/537.36"
[2019-03-03T19:46:28.735] [WARN] http - ::1 - - "GET /styles.bundle.js.map HTTP/1.1" 304 - "" "Mozilla/5.0 (Macintosh; Intel Mac OS X 10_14_0) AppleWebKit/537.36 (KHTML, like Gecko) Chrome/72.0.3626.119 Safari/537.36"
[2019-03-03T19:46:28.736] [WARN] http - ::1 - - "GET /vendor.bundle.js.map HTTP/1.1" 304 - "" "Mozilla/5.0 (Macintosh; Intel Mac OS X 10_14_0) AppleWebKit/537.36 (KHTML, like Gecko) Chrome/72.0.3626.119 Safari/537.36"
[2019-03-03T19:46:29.358] [WARN] http - ::1 - - "GET /api/config HTTP/1.1" 304 - "http://localhost:8888/" "Mozilla/5.0 (Macintosh; Intel Mac OS X 10_14_0) AppleWebKit/537.36 (KHTML, like Gecko) Chrome/72.0.3626.119 Safari/537.36"
[2019-03-03T19:46:29.361] [WARN] http - ::1 - - "GET /getrouteconfigs/login HTTP/1.1" 304 - "http://localhost:8888/" "Mozilla/5.0 (Macintosh; Intel Mac OS X 10_14_0) AppleWebKit/537.36 (KHTML, like Gecko) Chrome/72.0.3626.119 Safari/537.36"
[2019-03-03T19:46:29.384] [WARN] http - ::1 - - "GET /main.bundle.js.map HTTP/1.1" 304 - "" "Mozilla/5.0 (Macintosh; Intel Mac OS X 10_14_0) AppleWebKit/537.36 (KHTML, like Gecko) Chrome/72.0.3626.119 Safari/537.36"
[2019-03-03T19:46:29.548] [WARN] http - ::1 - - "GET /assets/images/company-logo/logo.png HTTP/1.1" 304 - "http://localhost:8888/" "Mozilla/5.0 (Macintosh; Intel Mac OS X 10_14_0) AppleWebKit/537.36 (KHTML, like Gecko) Chrome/72.0.3626.119 Safari/537.36"
[2019-03-03T19:46:29.592] [INFO] http - ::1 - - "GET /assets/images/company-logo/logo.png HTTP/1.1" 200 46931 "http://localhost:8888/" "Mozilla/5.0 (Macintosh; Intel Mac OS X 10_14_0) AppleWebKit/537.36 (KHTML, like Gecko) Chrome/72.0.3626.119 Safari/537.36"
[2019-03-03T19:49:45.073] [WARN] http - ::1 - - "GET / HTTP/1.1" 304 - "http://localhost:8888/" "Mozilla/5.0 (Macintosh; Intel Mac OS X 10_14_0) AppleWebKit/537.36 (KHTML, like Gecko) Chrome/72.0.3626.119 Safari/537.36"
[2019-03-03T19:49:45.129] [WARN] http - ::1 - - "GET /polyfills.bundle.js HTTP/1.1" 304 - "http://localhost:8888/" "Mozilla/5.0 (Macintosh; Intel Mac OS X 10_14_0) AppleWebKit/537.36 (KHTML, like Gecko) Chrome/72.0.3626.119 Safari/537.36"
[2019-03-03T19:49:45.130] [WARN] http - ::1 - - "GET /inline.bundle.js HTTP/1.1" 304 - "http://localhost:8888/" "Mozilla/5.0 (Macintosh; Intel Mac OS X 10_14_0) AppleWebKit/537.36 (KHTML, like Gecko) Chrome/72.0.3626.119 Safari/537.36"
[2019-03-03T19:49:45.131] [WARN] http - ::1 - - "GET /styles.bundle.js HTTP/1.1" 304 - "http://localhost:8888/" "Mozilla/5.0 (Macintosh; Intel Mac OS X 10_14_0) AppleWebKit/537.36 (KHTML, like Gecko) Chrome/72.0.3626.119 Safari/537.36"
[2019-03-03T19:49:45.132] [WARN] http - ::1 - - "GET /main.bundle.js HTTP/1.1" 304 - "http://localhost:8888/" "Mozilla/5.0 (Macintosh; Intel Mac OS X 10_14_0) AppleWebKit/537.36 (KHTML, like Gecko) Chrome/72.0.3626.119 Safari/537.36"
[2019-03-03T19:49:45.154] [WARN] http - ::1 - - "GET /vendor.bundle.js HTTP/1.1" 304 - "http://localhost:8888/" "Mozilla/5.0 (Macintosh; Intel Mac OS X 10_14_0) AppleWebKit/537.36 (KHTML, like Gecko) Chrome/72.0.3626.119 Safari/537.36"
[2019-03-03T19:49:45.264] [WARN] http - ::1 - - "GET /inline.bundle.js.map HTTP/1.1" 304 - "" "Mozilla/5.0 (Macintosh; Intel Mac OS X 10_14_0) AppleWebKit/537.36 (KHTML, like Gecko) Chrome/72.0.3626.119 Safari/537.36"
[2019-03-03T19:49:45.266] [WARN] http - ::1 - - "GET /polyfills.bundle.js.map HTTP/1.1" 304 - "" "Mozilla/5.0 (Macintosh; Intel Mac OS X 10_14_0) AppleWebKit/537.36 (KHTML, like Gecko) Chrome/72.0.3626.119 Safari/537.36"
[2019-03-03T19:49:45.282] [WARN] http - ::1 - - "GET /styles.bundle.js.map HTTP/1.1" 304 - "" "Mozilla/5.0 (Macintosh; Intel Mac OS X 10_14_0) AppleWebKit/537.36 (KHTML, like Gecko) Chrome/72.0.3626.119 Safari/537.36"
[2019-03-03T19:49:45.823] [WARN] http - ::1 - - "GET /api/config HTTP/1.1" 304 - "http://localhost:8888/" "Mozilla/5.0 (Macintosh; Intel Mac OS X 10_14_0) AppleWebKit/537.36 (KHTML, like Gecko) Chrome/72.0.3626.119 Safari/537.36"
[2019-03-03T19:49:45.828] [WARN] http - ::1 - - "GET /getrouteconfigs/login HTTP/1.1" 304 - "http://localhost:8888/" "Mozilla/5.0 (Macintosh; Intel Mac OS X 10_14_0) AppleWebKit/537.36 (KHTML, like Gecko) Chrome/72.0.3626.119 Safari/537.36"
[2019-03-03T19:49:45.850] [WARN] http - ::1 - - "GET /vendor.bundle.js.map HTTP/1.1" 304 - "" "Mozilla/5.0 (Macintosh; Intel Mac OS X 10_14_0) AppleWebKit/537.36 (KHTML, like Gecko) Chrome/72.0.3626.119 Safari/537.36"
[2019-03-03T19:49:45.851] [WARN] http - ::1 - - "GET /main.bundle.js.map HTTP/1.1" 304 - "" "Mozilla/5.0 (Macintosh; Intel Mac OS X 10_14_0) AppleWebKit/537.36 (KHTML, like Gecko) Chrome/72.0.3626.119 Safari/537.36"
[2019-03-03T19:49:46.002] [WARN] http - ::1 - - "GET /assets/images/company-logo/logo.png HTTP/1.1" 304 - "http://localhost:8888/" "Mozilla/5.0 (Macintosh; Intel Mac OS X 10_14_0) AppleWebKit/537.36 (KHTML, like Gecko) Chrome/72.0.3626.119 Safari/537.36"
[2019-03-03T19:49:46.083] [INFO] http - ::1 - - "GET /list/ideas/v1?page=1&id=undefined HTTP/1.1" 200 23 "http://localhost:8888/" "Mozilla/5.0 (Macintosh; Intel Mac OS X 10_14_0) AppleWebKit/537.36 (KHTML, like Gecko) Chrome/72.0.3626.119 Safari/537.36"
[2019-03-03T19:49:46.134] [INFO] http - ::1 - - "GET /assets/images/company-logo/logo.png HTTP/1.1" 200 46931 "http://localhost:8888/" "Mozilla/5.0 (Macintosh; Intel Mac OS X 10_14_0) AppleWebKit/537.36 (KHTML, like Gecko) Chrome/72.0.3626.119 Safari/537.36"
[2019-03-03T19:52:40.930] [WARN] http - ::1 - - "GET / HTTP/1.1" 304 - "http://localhost:8888/" "Mozilla/5.0 (Macintosh; Intel Mac OS X 10_14_0) AppleWebKit/537.36 (KHTML, like Gecko) Chrome/72.0.3626.119 Safari/537.36"
[2019-03-03T19:52:40.983] [WARN] http - ::1 - - "GET /polyfills.bundle.js HTTP/1.1" 304 - "http://localhost:8888/" "Mozilla/5.0 (Macintosh; Intel Mac OS X 10_14_0) AppleWebKit/537.36 (KHTML, like Gecko) Chrome/72.0.3626.119 Safari/537.36"
[2019-03-03T19:52:40.985] [WARN] http - ::1 - - "GET /inline.bundle.js HTTP/1.1" 304 - "http://localhost:8888/" "Mozilla/5.0 (Macintosh; Intel Mac OS X 10_14_0) AppleWebKit/537.36 (KHTML, like Gecko) Chrome/72.0.3626.119 Safari/537.36"
[2019-03-03T19:52:40.988] [WARN] http - ::1 - - "GET /vendor.bundle.js HTTP/1.1" 304 - "http://localhost:8888/" "Mozilla/5.0 (Macintosh; Intel Mac OS X 10_14_0) AppleWebKit/537.36 (KHTML, like Gecko) Chrome/72.0.3626.119 Safari/537.36"
[2019-03-03T19:52:40.989] [WARN] http - ::1 - - "GET /main.bundle.js HTTP/1.1" 304 - "http://localhost:8888/" "Mozilla/5.0 (Macintosh; Intel Mac OS X 10_14_0) AppleWebKit/537.36 (KHTML, like Gecko) Chrome/72.0.3626.119 Safari/537.36"
[2019-03-03T19:52:40.991] [WARN] http - ::1 - - "GET /styles.bundle.js HTTP/1.1" 304 - "http://localhost:8888/" "Mozilla/5.0 (Macintosh; Intel Mac OS X 10_14_0) AppleWebKit/537.36 (KHTML, like Gecko) Chrome/72.0.3626.119 Safari/537.36"
[2019-03-03T19:52:41.561] [WARN] http - ::1 - - "GET /api/config HTTP/1.1" 304 - "http://localhost:8888/" "Mozilla/5.0 (Macintosh; Intel Mac OS X 10_14_0) AppleWebKit/537.36 (KHTML, like Gecko) Chrome/72.0.3626.119 Safari/537.36"
[2019-03-03T19:52:41.564] [WARN] http - ::1 - - "GET /getrouteconfigs/login HTTP/1.1" 304 - "http://localhost:8888/" "Mozilla/5.0 (Macintosh; Intel Mac OS X 10_14_0) AppleWebKit/537.36 (KHTML, like Gecko) Chrome/72.0.3626.119 Safari/537.36"
[2019-03-03T19:52:41.566] [WARN] http - ::1 - - "GET /inline.bundle.js.map HTTP/1.1" 304 - "" "Mozilla/5.0 (Macintosh; Intel Mac OS X 10_14_0) AppleWebKit/537.36 (KHTML, like Gecko) Chrome/72.0.3626.119 Safari/537.36"
[2019-03-03T19:52:41.567] [WARN] http - ::1 - - "GET /polyfills.bundle.js.map HTTP/1.1" 304 - "" "Mozilla/5.0 (Macintosh; Intel Mac OS X 10_14_0) AppleWebKit/537.36 (KHTML, like Gecko) Chrome/72.0.3626.119 Safari/537.36"
[2019-03-03T19:52:41.568] [WARN] http - ::1 - - "GET /styles.bundle.js.map HTTP/1.1" 304 - "" "Mozilla/5.0 (Macintosh; Intel Mac OS X 10_14_0) AppleWebKit/537.36 (KHTML, like Gecko) Chrome/72.0.3626.119 Safari/537.36"
[2019-03-03T19:52:41.603] [WARN] http - ::1 - - "GET /vendor.bundle.js.map HTTP/1.1" 304 - "" "Mozilla/5.0 (Macintosh; Intel Mac OS X 10_14_0) AppleWebKit/537.36 (KHTML, like Gecko) Chrome/72.0.3626.119 Safari/537.36"
[2019-03-03T19:52:41.613] [WARN] http - ::1 - - "GET /main.bundle.js.map HTTP/1.1" 304 - "" "Mozilla/5.0 (Macintosh; Intel Mac OS X 10_14_0) AppleWebKit/537.36 (KHTML, like Gecko) Chrome/72.0.3626.119 Safari/537.36"
[2019-03-03T19:52:41.913] [WARN] http - ::1 - - "GET /assets/images/company-logo/logo.png HTTP/1.1" 304 - "http://localhost:8888/" "Mozilla/5.0 (Macintosh; Intel Mac OS X 10_14_0) AppleWebKit/537.36 (KHTML, like Gecko) Chrome/72.0.3626.119 Safari/537.36"
[2019-03-03T19:52:41.998] [INFO] http - ::1 - - "GET /assets/images/company-logo/logo.png HTTP/1.1" 200 46931 "http://localhost:8888/" "Mozilla/5.0 (Macintosh; Intel Mac OS X 10_14_0) AppleWebKit/537.36 (KHTML, like Gecko) Chrome/72.0.3626.119 Safari/537.36"
[2019-03-03T19:56:06.272] [WARN] http - ::1 - - "GET / HTTP/1.1" 304 - "http://localhost:8888/" "Mozilla/5.0 (Macintosh; Intel Mac OS X 10_14_0) AppleWebKit/537.36 (KHTML, like Gecko) Chrome/72.0.3626.119 Safari/537.36"
[2019-03-03T19:56:06.353] [WARN] http - ::1 - - "GET /inline.bundle.js HTTP/1.1" 304 - "http://localhost:8888/" "Mozilla/5.0 (Macintosh; Intel Mac OS X 10_14_0) AppleWebKit/537.36 (KHTML, like Gecko) Chrome/72.0.3626.119 Safari/537.36"
[2019-03-03T19:56:06.354] [WARN] http - ::1 - - "GET /polyfills.bundle.js HTTP/1.1" 304 - "http://localhost:8888/" "Mozilla/5.0 (Macintosh; Intel Mac OS X 10_14_0) AppleWebKit/537.36 (KHTML, like Gecko) Chrome/72.0.3626.119 Safari/537.36"
[2019-03-03T19:56:06.359] [WARN] http - ::1 - - "GET /vendor.bundle.js HTTP/1.1" 304 - "http://localhost:8888/" "Mozilla/5.0 (Macintosh; Intel Mac OS X 10_14_0) AppleWebKit/537.36 (KHTML, like Gecko) Chrome/72.0.3626.119 Safari/537.36"
[2019-03-03T19:56:06.359] [WARN] http - ::1 - - "GET /styles.bundle.js HTTP/1.1" 304 - "http://localhost:8888/" "Mozilla/5.0 (Macintosh; Intel Mac OS X 10_14_0) AppleWebKit/537.36 (KHTML, like Gecko) Chrome/72.0.3626.119 Safari/537.36"
[2019-03-03T19:56:06.360] [WARN] http - ::1 - - "GET /main.bundle.js HTTP/1.1" 304 - "http://localhost:8888/" "Mozilla/5.0 (Macintosh; Intel Mac OS X 10_14_0) AppleWebKit/537.36 (KHTML, like Gecko) Chrome/72.0.3626.119 Safari/537.36"
[2019-03-03T19:56:06.390] [WARN] http - ::1 - - "GET /inline.bundle.js.map HTTP/1.1" 304 - "" "Mozilla/5.0 (Macintosh; Intel Mac OS X 10_14_0) AppleWebKit/537.36 (KHTML, like Gecko) Chrome/72.0.3626.119 Safari/537.36"
[2019-03-03T19:56:06.457] [WARN] http - ::1 - - "GET /polyfills.bundle.js.map HTTP/1.1" 304 - "" "Mozilla/5.0 (Macintosh; Intel Mac OS X 10_14_0) AppleWebKit/537.36 (KHTML, like Gecko) Chrome/72.0.3626.119 Safari/537.36"
[2019-03-03T19:56:06.534] [WARN] http - ::1 - - "GET /styles.bundle.js.map HTTP/1.1" 304 - "" "Mozilla/5.0 (Macintosh; Intel Mac OS X 10_14_0) AppleWebKit/537.36 (KHTML, like Gecko) Chrome/72.0.3626.119 Safari/537.36"
[2019-03-03T19:56:06.543] [WARN] http - ::1 - - "GET /vendor.bundle.js.map HTTP/1.1" 304 - "" "Mozilla/5.0 (Macintosh; Intel Mac OS X 10_14_0) AppleWebKit/537.36 (KHTML, like Gecko) Chrome/72.0.3626.119 Safari/537.36"
[2019-03-03T19:56:07.271] [WARN] http - ::1 - - "GET /api/config HTTP/1.1" 304 - "http://localhost:8888/" "Mozilla/5.0 (Macintosh; Intel Mac OS X 10_14_0) AppleWebKit/537.36 (KHTML, like Gecko) Chrome/72.0.3626.119 Safari/537.36"
[2019-03-03T19:56:07.273] [WARN] http - ::1 - - "GET /getrouteconfigs/login HTTP/1.1" 304 - "http://localhost:8888/" "Mozilla/5.0 (Macintosh; Intel Mac OS X 10_14_0) AppleWebKit/537.36 (KHTML, like Gecko) Chrome/72.0.3626.119 Safari/537.36"
[2019-03-03T19:56:07.301] [WARN] http - ::1 - - "GET /main.bundle.js.map HTTP/1.1" 304 - "" "Mozilla/5.0 (Macintosh; Intel Mac OS X 10_14_0) AppleWebKit/537.36 (KHTML, like Gecko) Chrome/72.0.3626.119 Safari/537.36"
[2019-03-03T19:56:07.430] [WARN] http - ::1 - - "GET /assets/images/company-logo/logo.png HTTP/1.1" 304 - "http://localhost:8888/" "Mozilla/5.0 (Macintosh; Intel Mac OS X 10_14_0) AppleWebKit/537.36 (KHTML, like Gecko) Chrome/72.0.3626.119 Safari/537.36"
[2019-03-03T19:56:07.501] [INFO] http - ::1 - - "GET /assets/images/company-logo/logo.png HTTP/1.1" 200 46931 "http://localhost:8888/" "Mozilla/5.0 (Macintosh; Intel Mac OS X 10_14_0) AppleWebKit/537.36 (KHTML, like Gecko) Chrome/72.0.3626.119 Safari/537.36"
