[2019-02-24T10:32:12.816] [INFO] [access] - ENV is :: undefined
[2019-02-24T10:32:12.820] [INFO] [access] - PORT :: undefined, using defaults
[2019-02-24T10:32:12.884] [INFO] [access] - App route Initialized
[2019-02-24T10:32:12.899] [INFO] [access] - Static path  /Users/chalk/office/personal/MEAN/dist
[2019-02-24T10:32:12.902] [INFO] [access] - Server running on localhost 8888
[2019-02-24T10:33:28.581] [INFO] [access] - from /
[2019-02-24T10:33:30.257] [INFO] [access] - No host found, setting default host--uptest
[2019-02-24T10:33:30.258] [INFO] [access] - req.headers.locale --  en
[2019-02-24T10:33:30.259] [INFO] [access] - host is ::  test_travelline
[2019-02-24T10:33:30.259] [INFO] [access] - config { appKey: 'test@travelline',
  ssoFor: 
   { nodeApiName: { method: 'post', url: '/mailReport/fetchDataV2' } },
  appname: 'travelline Portal',
  theme: 
   { navbar: 
      { bgColor: '#f08521',
        logo: '/assets/images/cd_logo.png',
        defaultUserLogo: '/assets/images/default.png' },
     footer: 
      { backgroundColor: 'white',
        backgroundColorLogin: '#f08521',
        color: 'black',
        colorLogin: 'white',
        fontSize: '11px' },
     loginForm: { header: [Object], input: [Object], button: '#f08521' },
     errorComponent: { noPoiPresent: [Object], loader: [Object] },
     listPoiComponent: 
      { listPoiTablePaginationClass: 'chalk-pagination-theme',
        listPoiTableEnabledStatusClass: 'chalk-uplive-status green',
        listPoiTableDisabledStatusClass: 'chalk-uplive-status red',
        monitoringStatusIconClass: 'chalk-uplive-status ',
        monitoringEnabledImageSrc: '../assets/images/enableMonitorView.png',
        monitoringDisabledImageSrc: '../assets/images/disableMonitorView.png' },
     ediPoiLocationsComponent: 
      { mapPin: '/assets/images/pin.png',
        save: '/assets/images/save.png',
        save1: '/assets/images/save1.png',
        refresh: '/assets/images/refresh.png',
        close: '/assets/images/cancelIcon.png',
        clear: '/assets/images/clear.png',
        back: '/assets/images/back.png',
        retry: '/assets/images/retry.png',
        delete: '/assets/images/delete.png',
        pinRadius: '/assets/images/pinRadius.jpg',
        goBack: '/assets/images/left.png',
        goForward: '/assets/images/right.png' },
     commonProperties: 
      { addPoiButtonClass: 'btn-chalk btn-theme-chalk btn-shadow-grey',
        editPoiLocationsButton: 'btn-chalk btn-theme-grey',
        deletePoiLocationsButton: 'btn-chalk btn-theme-red',
        chalkIconLarge: 'portal-icons upliventer',
        chalkIconSmall: 'small-icons upliventer',
        appCalenderPickerClass: 'chalk-calender-picker',
        appRootLayoutClass: 'appRootLayout' } },
  contact: { toEmail: 'support@pahadi.me', cc: '' } }
[2019-02-24T10:33:30.261] [INFO] [access] - vocab { login: 
   { SignIn: 'Sign In',
     SignInMsg: 'Please enter your username and password to login',
     UserName: 'Username',
     UserNameMsg: 'Please enter your username',
     Password: 'Password',
     PasswordMsg: 'Please enter your password',
     Submit: 'Submit',
     RememberMe: 'Rememer Me' },
  footer: { Privacy: 'Privacy', Copyrights: '@2017,Powered by' },
  home: 
   { Signout: 'signout',
     Profile: 'Profile',
     AddPoi: 'Add Poi',
     NoPoi: 'ah! no POI added :(',
     AllPoi: 'All POI',
     AddNewPoi: 'ADD NEW POI',
     Show: 'Show',
     Status: 'Status',
     PoiName: 'POI Name',
     LocalName: 'Local Name',
     PoiLocations: 'POI Locations',
     TargetingType: 'Targeting Type',
     Actions: 'Actions',
     Search: 'Search',
     ShowingFrom: 'Showing from',
     To: 'to',
     Of: 'Of',
     Entries: 'entries',
     Edit: 'EDIT',
     View: 'VIEW',
     Delete: 'DELETE',
     search: 'Search Your POI',
     chooseCountry: 'Choose Country' },
  edit: 
   { id: 'ID',
     business: 'BUSINESS',
     street: 'STREET',
     city: 'CITY',
     state: 'STATE',
     zip: 'ZIP',
     country: 'COUNTRY',
     latitude: 'LATITUDE',
     longitude: 'LONGITUDE',
     radius: 'RADIUS',
     unit: 'UNIT',
     startDate: 'START DATE',
     endDate: 'END DATE',
     addPoiLocations: 'Add POI Locations',
     NoLocationPresent: 'No Location Found',
     search: 'Search Store in zip,city,state',
     setMonitoring: 'Monitoring Dates',
     timezone: 'TIMEZONE',
     update: 'UPDATE',
     deleteLocation: 'Delete ',
     geocodeLocation: 'Geocode ',
     updateMonitoring: 'Update ',
     monitoringRadius: 'Radius',
     distanceUnit: 'Unit',
     savePage: 'Save Page',
     reloadPage: 'Reload Page' },
  messages: 
   { '1': 'Oops! Something is not right',
     '2': 'Welcome...',
     '3': 'Listing poi...',
     '4': 'Updating ...' },
  errors: 
   { '0': { code: 0, message: 'Loading...', image: '' },
     '1': 
      { code: 1,
        message: 'ah! no POI added :(',
        image: '../assets/images/no_poi.png' },
     '2': 
      { code: 2,
        message: 'ah! no POI locations added :(',
        image: '../assets/images/error.png' },
     '3': 
      { code: 3,
        message: 'Please check your Internet Connection !',
        image: '../assets/images/error.png' },
     '4': 
      { code: 4,
        message: 'Oops! something is not right.',
        image: '../assets/images/error.png' },
     '5': 
      { code: 5,
        message: 'ah! no POI found :(',
        image: '../assets/images/no_poi.png' } } }
[2019-02-24T10:33:30.264] [INFO] [access] - /getrouteconfigs/
[2019-02-24T10:33:30.264] [INFO] [access] - current route is login
[2019-02-24T10:33:30.264] [INFO] [access] - host is ::  localhost
[2019-02-24T10:33:30.264] [INFO] [access] - config undefined
[2019-02-24T10:33:30.264] [INFO] [access] - route confix is not defined for route [login]
[2019-02-24T11:53:43.893] [INFO] [access] - ENV is :: undefined
[2019-02-24T11:53:43.896] [INFO] [access] - PORT :: undefined, using defaults
[2019-02-24T11:53:43.966] [INFO] [access] - App route Initialized
[2019-02-24T11:53:43.981] [INFO] [access] - Static path  /Users/chalk/office/personal/MEAN/dist
[2019-02-24T11:53:43.984] [INFO] [access] - Server running on localhost 8888
[2019-02-24T11:53:52.615] [INFO] [access] - from /
[2019-02-24T11:53:53.560] [INFO] [access] - No host found, setting default host--uptest
[2019-02-24T11:53:53.561] [INFO] [access] - req.headers.locale --  en
[2019-02-24T11:53:53.562] [INFO] [access] - host is ::  test_travelline
[2019-02-24T11:53:53.562] [INFO] [access] - config { appKey: 'test@travelline',
  ssoFor: 
   { nodeApiName: { method: 'post', url: '/mailReport/fetchDataV2' } },
  appname: 'travelline Portal',
  theme: 
   { navbar: 
      { bgColor: '#f08521',
        logo: '/assets/images/cd_logo.png',
        defaultUserLogo: '/assets/images/default.png' },
     footer: 
      { backgroundColor: 'white',
        backgroundColorLogin: '#f08521',
        color: 'black',
        colorLogin: 'white',
        fontSize: '11px' },
     loginForm: { header: [Object], input: [Object], button: '#f08521' },
     errorComponent: { noPoiPresent: [Object], loader: [Object] },
     listPoiComponent: 
      { listPoiTablePaginationClass: 'chalk-pagination-theme',
        listPoiTableEnabledStatusClass: 'chalk-uplive-status green',
        listPoiTableDisabledStatusClass: 'chalk-uplive-status red',
        monitoringStatusIconClass: 'chalk-uplive-status ',
        monitoringEnabledImageSrc: '../assets/images/enableMonitorView.png',
        monitoringDisabledImageSrc: '../assets/images/disableMonitorView.png' },
     ediPoiLocationsComponent: 
      { mapPin: '/assets/images/pin.png',
        save: '/assets/images/save.png',
        save1: '/assets/images/save1.png',
        refresh: '/assets/images/refresh.png',
        close: '/assets/images/cancelIcon.png',
        clear: '/assets/images/clear.png',
        back: '/assets/images/back.png',
        retry: '/assets/images/retry.png',
        delete: '/assets/images/delete.png',
        pinRadius: '/assets/images/pinRadius.jpg',
        goBack: '/assets/images/left.png',
        goForward: '/assets/images/right.png' },
     commonProperties: 
      { addPoiButtonClass: 'btn-chalk btn-theme-chalk btn-shadow-grey',
        editPoiLocationsButton: 'btn-chalk btn-theme-grey',
        deletePoiLocationsButton: 'btn-chalk btn-theme-red',
        chalkIconLarge: 'portal-icons upliventer',
        chalkIconSmall: 'small-icons upliventer',
        appCalenderPickerClass: 'chalk-calender-picker',
        appRootLayoutClass: 'appRootLayout' } },
  contact: { toEmail: 'support@pahadi.me', cc: '' } }
[2019-02-24T11:53:53.562] [INFO] [access] - vocab { login: 
   { SignIn: 'Sign In',
     SignInMsg: 'Please enter your username and password to login',
     UserName: 'Username',
     UserNameMsg: 'Please enter your username',
     Password: 'Password',
     PasswordMsg: 'Please enter your password',
     Submit: 'Submit',
     RememberMe: 'Rememer Me' },
  footer: { Privacy: 'Privacy', Copyrights: '@2017,Powered by' },
  home: 
   { Signout: 'signout',
     Profile: 'Profile',
     AddPoi: 'Add Poi',
     NoPoi: 'ah! no POI added :(',
     AllPoi: 'All POI',
     AddNewPoi: 'ADD NEW POI',
     Show: 'Show',
     Status: 'Status',
     PoiName: 'POI Name',
     LocalName: 'Local Name',
     PoiLocations: 'POI Locations',
     TargetingType: 'Targeting Type',
     Actions: 'Actions',
     Search: 'Search',
     ShowingFrom: 'Showing from',
     To: 'to',
     Of: 'Of',
     Entries: 'entries',
     Edit: 'EDIT',
     View: 'VIEW',
     Delete: 'DELETE',
     search: 'Search Your POI',
     chooseCountry: 'Choose Country' },
  edit: 
   { id: 'ID',
     business: 'BUSINESS',
     street: 'STREET',
     city: 'CITY',
     state: 'STATE',
     zip: 'ZIP',
     country: 'COUNTRY',
     latitude: 'LATITUDE',
     longitude: 'LONGITUDE',
     radius: 'RADIUS',
     unit: 'UNIT',
     startDate: 'START DATE',
     endDate: 'END DATE',
     addPoiLocations: 'Add POI Locations',
     NoLocationPresent: 'No Location Found',
     search: 'Search Store in zip,city,state',
     setMonitoring: 'Monitoring Dates',
     timezone: 'TIMEZONE',
     update: 'UPDATE',
     deleteLocation: 'Delete ',
     geocodeLocation: 'Geocode ',
     updateMonitoring: 'Update ',
     monitoringRadius: 'Radius',
     distanceUnit: 'Unit',
     savePage: 'Save Page',
     reloadPage: 'Reload Page' },
  messages: 
   { '1': 'Oops! Something is not right',
     '2': 'Welcome...',
     '3': 'Listing poi...',
     '4': 'Updating ...' },
  errors: 
   { '0': { code: 0, message: 'Loading...', image: '' },
     '1': 
      { code: 1,
        message: 'ah! no POI added :(',
        image: '../assets/images/no_poi.png' },
     '2': 
      { code: 2,
        message: 'ah! no POI locations added :(',
        image: '../assets/images/error.png' },
     '3': 
      { code: 3,
        message: 'Please check your Internet Connection !',
        image: '../assets/images/error.png' },
     '4': 
      { code: 4,
        message: 'Oops! something is not right.',
        image: '../assets/images/error.png' },
     '5': 
      { code: 5,
        message: 'ah! no POI found :(',
        image: '../assets/images/no_poi.png' } } }
[2019-02-24T11:53:53.565] [INFO] [access] - /getrouteconfigs/
[2019-02-24T11:53:53.565] [INFO] [access] - current route is login
[2019-02-24T11:53:53.565] [INFO] [access] - host is ::  localhost
[2019-02-24T11:53:53.566] [INFO] [access] - config undefined
[2019-02-24T11:53:53.566] [INFO] [access] - route confix is not defined for route [login]
[2019-02-24T11:53:53.625] [INFO] [access] - @getClientIp...
[2019-02-24T11:53:53.626] [INFO] [access] - client ip is --  ::1
